2016-06-02 23:12:29,782  INFO resources.Resource:24 - POST: CheckPasRequest, bankID: 12345 pasID: 123456789
2016-06-02 23:12:30,119  INFO dao.DbTemplate:25 - MYSQL Server Connection SUCCESS
2016-06-02 23:12:30,136  INFO dao.DataAccessObject:32 - MYSQL Checking if card exists.
2016-06-02 23:12:30,138  INFO dao.DbTemplate:57 - MYSQL Resources Closed.
2016-06-02 23:12:30,268  INFO resources.Resource:35 - POST: CheckPinRequest, CARD: 123456789
2016-06-02 23:12:30,277  INFO dao.DbTemplate:25 - MYSQL Server Connection SUCCESS
2016-06-02 23:12:30,279  INFO dao.DataAccessObject:77 - MYSQL Checking pin attempts.
2016-06-02 23:12:30,280  INFO dao.DbTemplate:57 - MYSQL Resources Closed.
2016-06-02 23:12:30,289  INFO dao.DbTemplate:25 - MYSQL Server Connection SUCCESS
2016-06-02 23:12:30,290  INFO dao.DataAccessObject:53 - MYSQL Request for pin.
2016-06-02 23:12:30,291  INFO dao.DbTemplate:57 - MYSQL Resources Closed.
2016-06-02 23:12:30,299  INFO dao.DbTemplate:25 - MYSQL Server Connection SUCCESS
2016-06-02 23:12:30,369  INFO dao.DataAccessObject:119 - MYSQL Resetting pin attempts.
2016-06-02 23:12:30,369  INFO dao.DbTemplate:57 - MYSQL Resources Closed.
2016-06-02 23:12:30,369  INFO services.Service:46 - Pincode DBRequest SUCCESS, Iban: 123456789
2016-06-02 23:12:30,384  INFO resources.Resource:60 - POST: BalanceRequest with CARD: 123456789
2016-06-02 23:12:30,396  INFO dao.DbTemplate:25 - MYSQL Server Connection SUCCESS
2016-06-02 23:12:30,397  INFO dao.DbTemplate:57 - MYSQL Resources Closed.
2016-06-02 23:12:30,397  INFO services.Service:54 - Balance DBRequest SUCCESS, Iban: 123456789 Balance: 999000 Cause: Balance request
2016-06-02 23:12:30,439  INFO resources.Resource:71 - POST: WithdrawRequest, CARD: 123456789 AMOUNT: 10009
2016-06-02 23:12:30,447  INFO dao.DbTemplate:25 - MYSQL Server Connection SUCCESS
2016-06-02 23:12:30,448  INFO dao.DbTemplate:57 - MYSQL Resources Closed.
2016-06-02 23:12:30,448  INFO services.Service:67 - Balance DBRequest SUCCESS Iban: 123456789 Balance: 999000 Cause: Withdraw
2016-06-02 23:12:30,448  INFO services.Service:68 - Withdraw DBRequest Iban: 123456789 Saldo left: 988991
2016-06-02 23:12:30,455  INFO dao.DbTemplate:25 - MYSQL Server Connection SUCCESS
2016-06-02 23:12:30,485  INFO dao.DbTemplate:57 - MYSQL Resources Closed.
2016-06-02 23:12:30,485  INFO dao.DataAccessObject:159 - MYSQL Withdraw method, updated saldo.
2016-06-02 23:12:30,527  INFO dao.DataAccessObject:165 - MYSQL Inserted data into betaalgeschiedenis.
2016-06-02 23:12:30,527  INFO dao.DbTemplate:57 - MYSQL Resources Closed.
2016-06-02 23:12:30,536  INFO dao.DbTemplate:25 - MYSQL Server Connection SUCCESS
2016-06-02 23:12:30,536  INFO dao.DataAccessObject:186 - MYSQL Getting transaction number.
2016-06-02 23:12:30,537  INFO dao.DbTemplate:42 - MYSQL Resources Closed.
2016-06-02 23:12:30,537  INFO services.Service:71 - Withdraw DBRequest SUCCESS, Iban: 123456789 Amount: 10009 Transaction ID: 59
2016-06-09 13:37:09,652  INFO resources.Resource:26 - POST: CheckPasRequest, bankID: 0 pasID: 123456789
2016-06-09 13:37:09,942 ERROR dao.DbTemplate:28 - MYSQL Server Connection FAILED!
2016-06-09 13:37:09,942  INFO dao.DbTemplate:57 - MYSQL Resources Closed.
2016-06-09 14:15:54,430  INFO resources.Resource:26 - POST: CheckPasRequest, bankID: 0 pasID: 123456789
2016-06-09 14:15:54,468  INFO dao.DbTemplate:25 - MYSQL Server Connection SUCCESS
2016-06-09 14:15:54,481  INFO dao.DataAccessObject:56 - MYSQL Checking if card exists.
2016-06-09 14:15:54,482  INFO dao.DbTemplate:57 - MYSQL Resources Closed.
2016-06-09 14:15:54,487  INFO dao.DbTemplate:25 - MYSQL Server Connection SUCCESS
2016-06-09 14:15:54,488  INFO dao.DataAccessObject:101 - MYSQL Checking pin attempts.
2016-06-09 14:15:54,488  INFO dao.DbTemplate:57 - MYSQL Resources Closed.
2016-06-09 14:15:54,566  INFO resources.Resource:37 - POST: CheckPinRequest, CARD: 123456789
2016-06-09 14:15:54,571  INFO dao.DbTemplate:25 - MYSQL Server Connection SUCCESS
2016-06-09 14:15:54,572  INFO dao.DataAccessObject:101 - MYSQL Checking pin attempts.
2016-06-09 14:15:54,573  INFO dao.DbTemplate:57 - MYSQL Resources Closed.
2016-06-09 14:16:36,949  INFO resources.Resource:26 - POST: CheckPasRequest, bankID: 0 pasID: 123456789
2016-06-09 14:16:36,955  INFO dao.DbTemplate:25 - MYSQL Server Connection SUCCESS
2016-06-09 14:16:36,956  INFO dao.DataAccessObject:56 - MYSQL Checking if card exists.
2016-06-09 14:16:36,957  INFO dao.DbTemplate:57 - MYSQL Resources Closed.
2016-06-09 14:16:36,962  INFO dao.DbTemplate:25 - MYSQL Server Connection SUCCESS
2016-06-09 14:16:36,962  INFO dao.DataAccessObject:101 - MYSQL Checking pin attempts.
2016-06-09 14:16:36,963  INFO dao.DbTemplate:57 - MYSQL Resources Closed.
2016-06-09 14:16:37,012  INFO resources.Resource:37 - POST: CheckPinRequest, CARD: 123456789
2016-06-09 14:16:37,018  INFO dao.DbTemplate:25 - MYSQL Server Connection SUCCESS
2016-06-09 14:16:37,018  INFO dao.DataAccessObject:101 - MYSQL Checking pin attempts.
2016-06-09 14:16:37,019  INFO dao.DbTemplate:57 - MYSQL Resources Closed.
2016-06-09 14:16:37,026  INFO dao.DbTemplate:25 - MYSQL Server Connection SUCCESS
2016-06-09 14:16:37,027  INFO dao.DataAccessObject:77 - MYSQL Request for pin.
2016-06-09 14:16:37,028  INFO dao.DbTemplate:57 - MYSQL Resources Closed.
2016-06-09 14:16:37,034  INFO dao.DbTemplate:25 - MYSQL Server Connection SUCCESS
2016-06-09 14:16:37,037  INFO dao.DataAccessObject:143 - MYSQL Resetting pin attempts.
2016-06-09 14:16:37,038  INFO dao.DbTemplate:57 - MYSQL Resources Closed.
2016-06-09 14:16:37,038  INFO services.Service:46 - Pincode DBRequest SUCCESS, Iban: 123456789
2016-06-09 14:16:37,048  INFO resources.Resource:62 - POST: BalanceRequest with CARD: 123456789
2016-06-09 14:16:37,056  INFO dao.DbTemplate:25 - MYSQL Server Connection SUCCESS
2016-06-09 14:16:37,059  INFO dao.DbTemplate:57 - MYSQL Resources Closed.
2016-06-09 14:16:37,059  INFO services.Service:54 - Balance DBRequest SUCCESS, Iban: 123456789 Balance: 670491 Cause: Balance request
2016-06-09 14:16:37,090  INFO resources.Resource:73 - POST: WithdrawRequest, CARD: 123456789 AMOUNT: 300
2016-06-09 14:16:37,096  INFO dao.DbTemplate:25 - MYSQL Server Connection SUCCESS
2016-06-09 14:16:37,097  INFO dao.DbTemplate:57 - MYSQL Resources Closed.
2016-06-09 14:16:37,097  INFO services.Service:67 - Balance DBRequest SUCCESS Iban: 123456789 Balance: 670491 Cause: Withdraw
2016-06-09 14:16:37,097  INFO services.Service:68 - Withdraw DBRequest Iban: 123456789 Saldo left: 670191
2016-06-09 14:16:37,102  INFO dao.DbTemplate:25 - MYSQL Server Connection SUCCESS
2016-06-09 14:16:37,105  INFO dao.DbTemplate:57 - MYSQL Resources Closed.
2016-06-09 14:16:37,106  INFO dao.DataAccessObject:183 - MYSQL Withdraw method, updated saldo.
2016-06-09 14:16:37,113  INFO dao.DataAccessObject:189 - MYSQL Inserted data into betaalgeschiedenis.
2016-06-09 14:16:37,113  INFO dao.DbTemplate:57 - MYSQL Resources Closed.
2016-06-09 14:16:37,118  INFO dao.DbTemplate:25 - MYSQL Server Connection SUCCESS
2016-06-09 14:16:37,118  INFO dao.DataAccessObject:210 - MYSQL Getting transaction number.
2016-06-09 14:16:37,119  INFO dao.DbTemplate:42 - MYSQL Resources Closed.
2016-06-09 14:16:37,119  INFO services.Service:71 - Withdraw DBRequest SUCCESS, Iban: 123456789 Amount: 300 Transaction ID: 58
2016-06-09 14:16:59,572  INFO resources.Resource:26 - POST: CheckPasRequest, bankID: 0 pasID: 123456789
2016-06-09 14:16:59,581  INFO dao.DbTemplate:25 - MYSQL Server Connection SUCCESS
2016-06-09 14:16:59,582  INFO dao.DataAccessObject:56 - MYSQL Checking if card exists.
2016-06-09 14:16:59,582  INFO dao.DbTemplate:57 - MYSQL Resources Closed.
2016-06-09 14:16:59,587  INFO dao.DbTemplate:25 - MYSQL Server Connection SUCCESS
2016-06-09 14:16:59,588  INFO dao.DataAccessObject:101 - MYSQL Checking pin attempts.
2016-06-09 14:16:59,588  INFO dao.DbTemplate:57 - MYSQL Resources Closed.
2016-06-09 14:16:59,640  INFO resources.Resource:37 - POST: CheckPinRequest, CARD: 123456789
2016-06-09 14:16:59,645  INFO dao.DbTemplate:25 - MYSQL Server Connection SUCCESS
2016-06-09 14:16:59,645  INFO dao.DataAccessObject:101 - MYSQL Checking pin attempts.
2016-06-09 14:16:59,646  INFO dao.DbTemplate:57 - MYSQL Resources Closed.
2016-06-09 14:16:59,651  INFO dao.DbTemplate:25 - MYSQL Server Connection SUCCESS
2016-06-09 14:16:59,652  INFO dao.DataAccessObject:77 - MYSQL Request for pin.
2016-06-09 14:16:59,652  INFO dao.DbTemplate:57 - MYSQL Resources Closed.
2016-06-09 14:16:59,657  INFO dao.DbTemplate:25 - MYSQL Server Connection SUCCESS
2016-06-09 14:16:59,660  INFO dao.DataAccessObject:143 - MYSQL Resetting pin attempts.
2016-06-09 14:16:59,660  INFO dao.DbTemplate:57 - MYSQL Resources Closed.
2016-06-09 14:16:59,660  INFO services.Service:46 - Pincode DBRequest SUCCESS, Iban: 123456789
2016-06-09 14:16:59,668  INFO resources.Resource:62 - POST: BalanceRequest with CARD: 123456789
2016-06-09 14:16:59,675  INFO dao.DbTemplate:25 - MYSQL Server Connection SUCCESS
2016-06-09 14:16:59,676  INFO dao.DbTemplate:57 - MYSQL Resources Closed.
2016-06-09 14:16:59,676  INFO services.Service:54 - Balance DBRequest SUCCESS, Iban: 123456789 Balance: 670191 Cause: Balance request
2016-06-09 14:16:59,689  INFO resources.Resource:73 - POST: WithdrawRequest, CARD: 123456789 AMOUNT: 300
2016-06-09 14:16:59,693  INFO dao.DbTemplate:25 - MYSQL Server Connection SUCCESS
2016-06-09 14:16:59,694  INFO dao.DbTemplate:57 - MYSQL Resources Closed.
2016-06-09 14:16:59,694  INFO services.Service:67 - Balance DBRequest SUCCESS Iban: 123456789 Balance: 670191 Cause: Withdraw
2016-06-09 14:16:59,694  INFO services.Service:68 - Withdraw DBRequest Iban: 123456789 Saldo left: 669891
2016-06-09 14:16:59,698  INFO dao.DbTemplate:25 - MYSQL Server Connection SUCCESS
2016-06-09 14:16:59,701  INFO dao.DbTemplate:57 - MYSQL Resources Closed.
2016-06-09 14:16:59,701  INFO dao.DataAccessObject:183 - MYSQL Withdraw method, updated saldo.
2016-06-09 14:16:59,705  INFO dao.DataAccessObject:189 - MYSQL Inserted data into betaalgeschiedenis.
2016-06-09 14:16:59,705  INFO dao.DbTemplate:57 - MYSQL Resources Closed.
2016-06-09 14:16:59,710  INFO dao.DbTemplate:25 - MYSQL Server Connection SUCCESS
2016-06-09 14:16:59,710  INFO dao.DataAccessObject:210 - MYSQL Getting transaction number.
2016-06-09 14:16:59,711  INFO dao.DbTemplate:42 - MYSQL Resources Closed.
2016-06-09 14:16:59,711  INFO services.Service:71 - Withdraw DBRequest SUCCESS, Iban: 123456789 Amount: 300 Transaction ID: 59
2016-06-09 14:47:52,975  INFO resources.Resource:26 - POST: CheckPasRequest, bankID: 0 pasID: 123456789
2016-06-09 14:47:52,982  INFO dao.DbTemplate:25 - MYSQL Server Connection SUCCESS
2016-06-09 14:47:52,983  INFO dao.DataAccessObject:56 - MYSQL Checking if card exists.
2016-06-09 14:47:52,983  INFO dao.DbTemplate:57 - MYSQL Resources Closed.
2016-06-09 14:47:52,989  INFO dao.DbTemplate:25 - MYSQL Server Connection SUCCESS
2016-06-09 14:47:52,990  INFO dao.DataAccessObject:101 - MYSQL Checking pin attempts.
2016-06-09 14:47:52,990  INFO dao.DbTemplate:57 - MYSQL Resources Closed.
2016-06-09 14:47:53,056  INFO resources.Resource:37 - POST: CheckPinRequest, CARD: 123456789
2016-06-09 14:47:53,062  INFO dao.DbTemplate:25 - MYSQL Server Connection SUCCESS
2016-06-09 14:47:53,063  INFO dao.DataAccessObject:101 - MYSQL Checking pin attempts.
2016-06-09 14:47:53,064  INFO dao.DbTemplate:57 - MYSQL Resources Closed.
2016-06-09 14:47:53,069  INFO dao.DbTemplate:25 - MYSQL Server Connection SUCCESS
2016-06-09 14:47:53,070  INFO dao.DataAccessObject:77 - MYSQL Request for pin.
2016-06-09 14:47:53,070  INFO dao.DbTemplate:57 - MYSQL Resources Closed.
2016-06-09 14:47:53,075  INFO dao.DbTemplate:25 - MYSQL Server Connection SUCCESS
2016-06-09 14:47:53,080  INFO dao.DataAccessObject:143 - MYSQL Resetting pin attempts.
2016-06-09 14:47:53,081  INFO dao.DbTemplate:57 - MYSQL Resources Closed.
2016-06-09 14:47:53,081  INFO services.Service:46 - Pincode DBRequest SUCCESS, Iban: 123456789
2016-06-09 14:47:53,091  INFO resources.Resource:62 - POST: BalanceRequest with CARD: 123456789
2016-06-09 14:47:53,104  INFO dao.DbTemplate:25 - MYSQL Server Connection SUCCESS
2016-06-09 14:47:53,106  INFO dao.DbTemplate:57 - MYSQL Resources Closed.
2016-06-09 14:47:53,106  INFO services.Service:54 - Balance DBRequest SUCCESS, Iban: 123456789 Balance: 669891 Cause: Balance request
2016-06-09 14:47:53,118  INFO resources.Resource:73 - POST: WithdrawRequest, CARD: 123456789 AMOUNT: 301
2016-06-09 14:47:53,125  INFO dao.DbTemplate:25 - MYSQL Server Connection SUCCESS
2016-06-09 14:47:53,126  INFO dao.DbTemplate:57 - MYSQL Resources Closed.
2016-06-09 14:47:53,126  INFO services.Service:67 - Balance DBRequest SUCCESS Iban: 123456789 Balance: 669891 Cause: Withdraw
2016-06-09 14:47:53,126  INFO services.Service:68 - Withdraw DBRequest Iban: 123456789 Saldo left: 669590
2016-06-09 14:47:53,132  INFO dao.DbTemplate:25 - MYSQL Server Connection SUCCESS
2016-06-09 14:47:53,136  INFO dao.DbTemplate:57 - MYSQL Resources Closed.
2016-06-09 14:47:53,136  INFO dao.DataAccessObject:183 - MYSQL Withdraw method, updated saldo.
2016-06-09 14:47:53,139  INFO dao.DataAccessObject:189 - MYSQL Inserted data into betaalgeschiedenis.
2016-06-09 14:47:53,139  INFO dao.DbTemplate:57 - MYSQL Resources Closed.
2016-06-09 14:47:53,144  INFO dao.DbTemplate:25 - MYSQL Server Connection SUCCESS
2016-06-09 14:47:53,145  INFO dao.DataAccessObject:210 - MYSQL Getting transaction number.
2016-06-09 14:47:53,145  INFO dao.DbTemplate:42 - MYSQL Resources Closed.
2016-06-09 14:47:53,145  INFO services.Service:71 - Withdraw DBRequest SUCCESS, Iban: 123456789 Amount: 301 Transaction ID: 60
2016-06-09 14:48:39,449  INFO resources.Resource:26 - POST: CheckPasRequest, bankID: 0 pasID: 123456789
2016-06-09 14:48:39,455  INFO dao.DbTemplate:25 - MYSQL Server Connection SUCCESS
2016-06-09 14:48:39,456  INFO dao.DataAccessObject:56 - MYSQL Checking if card exists.
2016-06-09 14:48:39,456  INFO dao.DbTemplate:57 - MYSQL Resources Closed.
2016-06-09 14:48:39,461  INFO dao.DbTemplate:25 - MYSQL Server Connection SUCCESS
2016-06-09 14:48:39,462  INFO dao.DataAccessObject:101 - MYSQL Checking pin attempts.
2016-06-09 14:48:39,462  INFO dao.DbTemplate:57 - MYSQL Resources Closed.
2016-06-09 14:48:39,516  INFO resources.Resource:37 - POST: CheckPinRequest, CARD: 123456789
2016-06-09 14:48:39,521  INFO dao.DbTemplate:25 - MYSQL Server Connection SUCCESS
2016-06-09 14:48:39,521  INFO dao.DataAccessObject:101 - MYSQL Checking pin attempts.
2016-06-09 14:48:39,521  INFO dao.DbTemplate:57 - MYSQL Resources Closed.
2016-06-09 14:48:39,525  INFO dao.DbTemplate:25 - MYSQL Server Connection SUCCESS
2016-06-09 14:48:39,526  INFO dao.DataAccessObject:77 - MYSQL Request for pin.
2016-06-09 14:48:39,526  INFO dao.DbTemplate:57 - MYSQL Resources Closed.
2016-06-09 14:48:39,530  INFO dao.DbTemplate:25 - MYSQL Server Connection SUCCESS
2016-06-09 14:48:39,547  INFO dao.DataAccessObject:143 - MYSQL Resetting pin attempts.
2016-06-09 14:48:39,547  INFO dao.DbTemplate:57 - MYSQL Resources Closed.
2016-06-09 14:48:39,547  INFO services.Service:46 - Pincode DBRequest SUCCESS, Iban: 123456789
2016-06-09 14:48:39,556  INFO resources.Resource:62 - POST: BalanceRequest with CARD: 123456789
2016-06-09 14:48:39,560  INFO dao.DbTemplate:25 - MYSQL Server Connection SUCCESS
2016-06-09 14:48:39,560  INFO dao.DbTemplate:57 - MYSQL Resources Closed.
2016-06-09 14:48:39,561  INFO services.Service:54 - Balance DBRequest SUCCESS, Iban: 123456789 Balance: 669590 Cause: Balance request
2016-06-09 14:48:39,572  INFO resources.Resource:73 - POST: WithdrawRequest, CARD: 123456789 AMOUNT: 300
2016-06-09 14:48:39,576  INFO dao.DbTemplate:25 - MYSQL Server Connection SUCCESS
2016-06-09 14:48:39,576  INFO dao.DbTemplate:57 - MYSQL Resources Closed.
2016-06-09 14:48:39,577  INFO services.Service:67 - Balance DBRequest SUCCESS Iban: 123456789 Balance: 669590 Cause: Withdraw
2016-06-09 14:48:39,577  INFO services.Service:68 - Withdraw DBRequest Iban: 123456789 Saldo left: 669290
2016-06-09 14:48:39,581  INFO dao.DbTemplate:25 - MYSQL Server Connection SUCCESS
2016-06-09 14:48:39,585  INFO dao.DbTemplate:57 - MYSQL Resources Closed.
2016-06-09 14:48:39,585  INFO dao.DataAccessObject:183 - MYSQL Withdraw method, updated saldo.
2016-06-09 14:48:39,588  INFO dao.DataAccessObject:189 - MYSQL Inserted data into betaalgeschiedenis.
2016-06-09 14:48:39,588  INFO dao.DbTemplate:57 - MYSQL Resources Closed.
2016-06-09 14:48:39,592  INFO dao.DbTemplate:25 - MYSQL Server Connection SUCCESS
2016-06-09 14:48:39,592  INFO dao.DataAccessObject:210 - MYSQL Getting transaction number.
2016-06-09 14:48:39,593  INFO dao.DbTemplate:42 - MYSQL Resources Closed.
2016-06-09 14:48:39,593  INFO services.Service:71 - Withdraw DBRequest SUCCESS, Iban: 123456789 Amount: 300 Transaction ID: 61
2016-06-09 14:49:54,100  INFO resources.Resource:26 - POST: CheckPasRequest, bankID: 0 pasID: 123456789
2016-06-09 14:49:54,414  INFO dao.DbTemplate:25 - MYSQL Server Connection SUCCESS
2016-06-09 14:49:54,426  INFO dao.DataAccessObject:56 - MYSQL Checking if card exists.
2016-06-09 14:49:54,427  INFO dao.DbTemplate:57 - MYSQL Resources Closed.
2016-06-09 14:49:54,434  INFO dao.DbTemplate:25 - MYSQL Server Connection SUCCESS
2016-06-09 14:49:54,434  INFO dao.DataAccessObject:101 - MYSQL Checking pin attempts.
2016-06-09 14:49:54,435  INFO dao.DbTemplate:57 - MYSQL Resources Closed.
2016-06-09 14:49:54,528  INFO resources.Resource:37 - POST: CheckPinRequest, CARD: 123456789
2016-06-09 14:49:54,534  INFO dao.DbTemplate:25 - MYSQL Server Connection SUCCESS
2016-06-09 14:49:54,534  INFO dao.DataAccessObject:101 - MYSQL Checking pin attempts.
2016-06-09 14:49:54,535  INFO dao.DbTemplate:57 - MYSQL Resources Closed.
2016-06-09 14:49:54,541  INFO dao.DbTemplate:25 - MYSQL Server Connection SUCCESS
2016-06-09 14:49:54,541  INFO dao.DataAccessObject:77 - MYSQL Request for pin.
2016-06-09 14:49:54,542  INFO dao.DbTemplate:57 - MYSQL Resources Closed.
2016-06-09 14:49:54,546  INFO dao.DbTemplate:25 - MYSQL Server Connection SUCCESS
2016-06-09 14:49:54,550  INFO dao.DataAccessObject:143 - MYSQL Resetting pin attempts.
2016-06-09 14:49:54,551  INFO dao.DbTemplate:57 - MYSQL Resources Closed.
2016-06-09 14:49:54,551  INFO services.Service:46 - Pincode DBRequest SUCCESS, Iban: 123456789
2016-06-09 14:49:54,562  INFO resources.Resource:62 - POST: BalanceRequest with CARD: 123456789
2016-06-09 14:49:54,569  INFO dao.DbTemplate:25 - MYSQL Server Connection SUCCESS
2016-06-09 14:49:54,570  INFO dao.DbTemplate:57 - MYSQL Resources Closed.
2016-06-09 14:49:54,570  INFO services.Service:54 - Balance DBRequest SUCCESS, Iban: 123456789 Balance: 669290 Cause: Balance request
2016-06-09 14:49:54,593  INFO resources.Resource:73 - POST: WithdrawRequest, CARD: 123456789 AMOUNT: 5000
2016-06-09 14:49:54,598  INFO dao.DbTemplate:25 - MYSQL Server Connection SUCCESS
2016-06-09 14:49:54,599  INFO dao.DbTemplate:57 - MYSQL Resources Closed.
2016-06-09 14:49:54,599  INFO services.Service:67 - Balance DBRequest SUCCESS Iban: 123456789 Balance: 669290 Cause: Withdraw
2016-06-09 14:49:54,599  INFO services.Service:68 - Withdraw DBRequest Iban: 123456789 Saldo left: 664290
2016-06-09 14:49:54,607  INFO dao.DbTemplate:25 - MYSQL Server Connection SUCCESS
2016-06-09 14:49:54,615  INFO dao.DbTemplate:57 - MYSQL Resources Closed.
2016-06-09 14:49:54,615  INFO dao.DataAccessObject:183 - MYSQL Withdraw method, updated saldo.
2016-06-09 14:49:54,621  INFO dao.DataAccessObject:189 - MYSQL Inserted data into betaalgeschiedenis.
2016-06-09 14:49:54,622  INFO dao.DbTemplate:57 - MYSQL Resources Closed.
2016-06-09 14:49:54,627  INFO dao.DbTemplate:25 - MYSQL Server Connection SUCCESS
2016-06-09 14:49:54,628  INFO dao.DataAccessObject:210 - MYSQL Getting transaction number.
2016-06-09 14:49:54,629  INFO dao.DbTemplate:42 - MYSQL Resources Closed.
2016-06-09 14:49:54,629  INFO services.Service:71 - Withdraw DBRequest SUCCESS, Iban: 123456789 Amount: 5000 Transaction ID: 62
2016-06-09 14:50:25,361  INFO resources.Resource:26 - POST: CheckPasRequest, bankID: 0 pasID: 11235234
2016-06-09 14:50:25,367  INFO dao.DbTemplate:25 - MYSQL Server Connection SUCCESS
2016-06-09 14:50:25,368  INFO dao.DataAccessObject:56 - MYSQL Checking if card exists.
2016-06-09 14:50:25,368  INFO dao.DbTemplate:57 - MYSQL Resources Closed.
2016-06-09 14:50:25,375  INFO dao.DbTemplate:25 - MYSQL Server Connection SUCCESS
2016-06-09 14:50:25,375  INFO dao.DbTemplate:57 - MYSQL Resources Closed.
2016-06-09 14:50:49,960  INFO resources.Resource:26 - POST: CheckPasRequest, bankID: 0 pasID: 123456789
2016-06-09 14:50:49,966  INFO dao.DbTemplate:25 - MYSQL Server Connection SUCCESS
2016-06-09 14:50:49,967  INFO dao.DataAccessObject:56 - MYSQL Checking if card exists.
2016-06-09 14:50:49,967  INFO dao.DbTemplate:57 - MYSQL Resources Closed.
2016-06-09 14:50:49,973  INFO dao.DbTemplate:25 - MYSQL Server Connection SUCCESS
2016-06-09 14:50:49,974  INFO dao.DataAccessObject:101 - MYSQL Checking pin attempts.
2016-06-09 14:50:49,974  INFO dao.DbTemplate:57 - MYSQL Resources Closed.
2016-06-09 14:50:50,021  INFO resources.Resource:37 - POST: CheckPinRequest, CARD: 123456789
2016-06-09 14:50:50,027  INFO dao.DbTemplate:25 - MYSQL Server Connection SUCCESS
2016-06-09 14:50:50,028  INFO dao.DataAccessObject:101 - MYSQL Checking pin attempts.
2016-06-09 14:50:50,029  INFO dao.DbTemplate:57 - MYSQL Resources Closed.
2016-06-09 14:50:50,033  INFO dao.DbTemplate:25 - MYSQL Server Connection SUCCESS
2016-06-09 14:50:50,034  INFO dao.DataAccessObject:77 - MYSQL Request for pin.
2016-06-09 14:50:50,034  INFO dao.DbTemplate:57 - MYSQL Resources Closed.
2016-06-09 14:50:50,034  WARN services.Service:40 - Pincode DBRequest BLOCKED, Iban: 123456789
2016-06-09 14:50:50,041  INFO dao.DbTemplate:25 - MYSQL Server Connection SUCCESS
2016-06-09 14:50:50,042  INFO dao.DataAccessObject:101 - MYSQL Checking pin attempts.
2016-06-09 14:50:50,042  INFO dao.DbTemplate:57 - MYSQL Resources Closed.
2016-06-09 14:50:50,050  INFO dao.DbTemplate:25 - MYSQL Server Connection SUCCESS
2016-06-09 14:50:50,055  INFO dao.DataAccessObject:124 - MYSQL Incrementing pin attempt: 1
2016-06-09 14:50:50,055  INFO dao.DbTemplate:57 - MYSQL Resources Closed.
2016-06-15 12:54:37,575  INFO resources.Resource:26 - POST: CheckPasRequest, bankID: 0 pasID: 69850735665438#118084551612300#124786647784890#128339822581152#109382464835826#36765784718208#90105959653710#132254697805776#133403628578220#
2016-06-15 12:54:37,913  INFO dao.DbTemplate:25 - MYSQL Server Connection SUCCESS
2016-06-15 12:54:37,944  INFO dao.DataAccessObject:56 - MYSQL Checking if card exists.
2016-06-15 12:54:37,944  INFO dao.DbTemplate:57 - MYSQL Resources Closed.
2016-06-15 12:54:37,960  INFO dao.DbTemplate:25 - MYSQL Server Connection SUCCESS
2016-06-15 12:54:37,960  INFO dao.DbTemplate:57 - MYSQL Resources Closed.
2016-06-16 11:25:50,934  INFO resources.Resource:26 - POST: CheckPasRequest, bankID: 0 pasID: 123456789
2016-06-16 11:25:51,271  INFO dao.DbTemplate:25 - MYSQL Server Connection SUCCESS
2016-06-16 11:25:51,290  INFO dao.DataAccessObject:56 - MYSQL Checking if card exists.
2016-06-16 11:25:51,291  INFO dao.DbTemplate:57 - MYSQL Resources Closed.
2016-06-16 11:25:51,298  INFO dao.DbTemplate:25 - MYSQL Server Connection SUCCESS
2016-06-16 11:25:51,298  INFO dao.DataAccessObject:101 - MYSQL Checking pin attempts.
2016-06-16 11:25:51,299  INFO dao.DbTemplate:57 - MYSQL Resources Closed.
2016-06-16 11:25:51,421  INFO resources.Resource:37 - POST: CheckPinRequest, CARD: 123456789
2016-06-16 11:25:51,429  INFO dao.DbTemplate:25 - MYSQL Server Connection SUCCESS
2016-06-16 11:25:51,430  INFO dao.DataAccessObject:101 - MYSQL Checking pin attempts.
2016-06-16 11:25:51,431  INFO dao.DbTemplate:57 - MYSQL Resources Closed.
2016-06-16 11:25:51,440  INFO dao.DbTemplate:25 - MYSQL Server Connection SUCCESS
2016-06-16 11:25:51,440  INFO dao.DataAccessObject:77 - MYSQL Request for pin.
2016-06-16 11:25:51,441  INFO dao.DbTemplate:57 - MYSQL Resources Closed.
2016-06-16 11:25:51,447  INFO dao.DbTemplate:25 - MYSQL Server Connection SUCCESS
2016-06-16 11:25:51,452  INFO dao.DataAccessObject:143 - MYSQL Resetting pin attempts.
2016-06-16 11:25:51,454  INFO dao.DbTemplate:57 - MYSQL Resources Closed.
2016-06-16 11:25:51,454  INFO services.Service:46 - Pincode DBRequest SUCCESS, Iban: 123456789
2016-06-16 11:25:51,470  INFO resources.Resource:62 - POST: BalanceRequest with CARD: 123456789
2016-06-16 11:25:51,478  INFO dao.DbTemplate:25 - MYSQL Server Connection SUCCESS
2016-06-16 11:25:51,484  INFO dao.DbTemplate:57 - MYSQL Resources Closed.
2016-06-16 11:25:51,484  INFO services.Service:54 - Balance DBRequest SUCCESS, Iban: 123456789 Balance: 664290 Cause: Balance request
2016-06-16 11:25:51,517  INFO resources.Resource:73 - POST: WithdrawRequest, CARD: 123456789 AMOUNT: 1
2016-06-16 11:25:51,525  INFO dao.DbTemplate:25 - MYSQL Server Connection SUCCESS
2016-06-16 11:25:51,526  INFO dao.DbTemplate:57 - MYSQL Resources Closed.
2016-06-16 11:25:51,526  INFO services.Service:67 - Balance DBRequest SUCCESS Iban: 123456789 Balance: 664290 Cause: Withdraw
2016-06-16 11:25:51,527  INFO services.Service:68 - Withdraw DBRequest Iban: 123456789 Saldo left: 664289
2016-06-16 11:25:51,536  INFO dao.DbTemplate:25 - MYSQL Server Connection SUCCESS
2016-06-16 11:25:51,541  INFO dao.DbTemplate:57 - MYSQL Resources Closed.
2016-06-16 11:25:51,542  INFO dao.DataAccessObject:183 - MYSQL Withdraw method, updated saldo.
2016-06-16 11:25:51,555  INFO dao.DataAccessObject:189 - MYSQL Inserted data into betaalgeschiedenis.
2016-06-16 11:25:51,555  INFO dao.DbTemplate:57 - MYSQL Resources Closed.
2016-06-16 11:25:51,559  INFO dao.DbTemplate:25 - MYSQL Server Connection SUCCESS
2016-06-16 11:25:51,560  INFO dao.DataAccessObject:210 - MYSQL Getting transaction number.
2016-06-16 11:25:51,560  INFO dao.DbTemplate:42 - MYSQL Resources Closed.
2016-06-16 11:25:51,561  INFO services.Service:71 - Withdraw DBRequest SUCCESS, Iban: 123456789 Amount: 1 Transaction ID: 63
2016-06-16 12:22:20,910  INFO resources.Resource:26 - POST: CheckPasRequest, bankID: 1 pasID: 123456789
2016-06-16 12:28:47,879  INFO dao.DbTemplate:25 - MYSQL Server Connection SUCCESS
2016-06-16 12:28:47,892  INFO dao.DataAccessObject:33 - MYSQL Request for bank IP.
2016-06-16 12:28:47,893  INFO dao.DbTemplate:57 - MYSQL Resources Closed.
2016-06-16 12:30:06,519  INFO resources.Resource:26 - POST: CheckPasRequest, bankID: 1 pasID: 123456789
2016-06-16 12:30:06,811  INFO dao.DbTemplate:25 - MYSQL Server Connection SUCCESS
2016-06-16 12:30:06,823  INFO dao.DataAccessObject:33 - MYSQL Request for bank IP.
2016-06-16 12:30:06,824  INFO dao.DbTemplate:57 - MYSQL Resources Closed.
2016-06-16 12:30:06,825  INFO repeater.Repeater:50 - Repeater - CheckPasRequest send to server!
2016-06-16 15:17:57,855  INFO resources.Resource:26 - POST: CheckPasRequest, bankID: 0 pasID: 69967281236349#118281575041650#124994853625095#128553956874096#109564968880923#36827128229184#90256300955205#132475364046648#133626211803810#
2016-06-16 15:17:58,201  INFO dao.DbTemplate:25 - MYSQL Server Connection SUCCESS
2016-06-16 15:17:58,217  INFO dao.DataAccessObject:56 - MYSQL Checking if card exists.
2016-06-16 15:17:58,218  INFO dao.DbTemplate:57 - MYSQL Resources Closed.
2016-06-16 15:17:58,226  INFO dao.DbTemplate:25 - MYSQL Server Connection SUCCESS
2016-06-16 15:17:58,226  INFO dao.DataAccessObject:101 - MYSQL Checking pin attempts.
2016-06-16 15:17:58,227  INFO dao.DbTemplate:57 - MYSQL Resources Closed.
2016-06-16 15:17:58,361  INFO resources.Resource:37 - POST: CheckPinRequest, CARD: 69967281236349#118281575041650#124994853625095#128553956874096#109564968880923#36827128229184#90256300955205#132475364046648#133626211803810#
2016-06-16 15:17:58,370  INFO dao.DbTemplate:25 - MYSQL Server Connection SUCCESS
2016-06-16 15:17:58,372  INFO dao.DataAccessObject:101 - MYSQL Checking pin attempts.
2016-06-16 15:17:58,372  INFO dao.DbTemplate:57 - MYSQL Resources Closed.
2016-06-16 15:17:58,388  INFO dao.DbTemplate:25 - MYSQL Server Connection SUCCESS
2016-06-16 15:17:58,389  INFO dao.DataAccessObject:77 - MYSQL Request for pin.
2016-06-16 15:17:58,390  INFO dao.DbTemplate:57 - MYSQL Resources Closed.
2016-06-16 15:17:58,398  INFO dao.DbTemplate:25 - MYSQL Server Connection SUCCESS
2016-06-16 15:17:58,405  INFO dao.DataAccessObject:143 - MYSQL Resetting pin attempts.
2016-06-16 15:17:58,407  INFO dao.DbTemplate:57 - MYSQL Resources Closed.
2016-06-16 15:17:58,407  INFO services.Service:52 - Pincode DBRequest SUCCESS, Iban: 123456789
2016-06-16 15:17:58,420  INFO resources.Resource:62 - POST: BalanceRequest with CARD: 69967281236349#118281575041650#124994853625095#128553956874096#109564968880923#36827128229184#90256300955205#132475364046648#133626211803810#
2016-06-16 15:17:58,429  INFO dao.DbTemplate:25 - MYSQL Server Connection SUCCESS
2016-06-16 15:17:58,430  INFO dao.DbTemplate:57 - MYSQL Resources Closed.
2016-06-16 15:17:58,430  INFO services.Service:61 - Balance DBRequest SUCCESS, Iban: 123456789 Balance: 664289 Cause: Balance request
2016-06-16 15:17:58,458  INFO resources.Resource:73 - POST: WithdrawRequest, CARD: 69967281236349#118281575041650#124994853625095#128553956874096#109564968880923#36827128229184#90256300955205#132475364046648#133626211803810# AMOUNT: 11
2016-06-16 15:17:58,466  INFO dao.DbTemplate:25 - MYSQL Server Connection SUCCESS
2016-06-16 15:17:58,468  INFO dao.DbTemplate:57 - MYSQL Resources Closed.
2016-06-16 15:17:58,468  INFO services.Service:75 - Balance DBRequest SUCCESS Iban: 123456789 Balance: 664289 Cause: Withdraw
2016-06-16 15:17:58,468  INFO services.Service:76 - Withdraw DBRequest Iban: 123456789 Saldo left: 664278
2016-06-16 15:17:58,477  INFO dao.DbTemplate:25 - MYSQL Server Connection SUCCESS
2016-06-16 15:17:58,483  INFO dao.DbTemplate:57 - MYSQL Resources Closed.
2016-06-16 15:17:58,484  INFO dao.DataAccessObject:183 - MYSQL Withdraw method, updated saldo.
2016-06-16 15:17:58,493  INFO dao.DataAccessObject:189 - MYSQL Inserted data into betaalgeschiedenis.
2016-06-16 15:17:58,494  INFO dao.DbTemplate:57 - MYSQL Resources Closed.
2016-06-16 15:17:58,501  INFO dao.DbTemplate:25 - MYSQL Server Connection SUCCESS
2016-06-16 15:17:58,502  INFO dao.DataAccessObject:210 - MYSQL Getting transaction number.
2016-06-16 15:17:58,502  INFO dao.DbTemplate:42 - MYSQL Resources Closed.
2016-06-16 15:17:58,503  INFO services.Service:79 - Withdraw DBRequest SUCCESS, Iban: 123456789 Amount: 11 Transaction ID: 64
2016-06-16 15:34:22,869  INFO dao.DbTemplate:25 - MYSQL Server Connection SUCCESS
2016-06-16 15:34:22,885  INFO dao.DataAccessObject:33 - MYSQL Request for bank IP.
2016-06-16 15:34:22,887  INFO dao.DbTemplate:57 - MYSQL Resources Closed.
2016-06-16 15:37:28,286  INFO dao.DbTemplate:25 - MYSQL Server Connection SUCCESS
2016-06-16 15:37:28,300  INFO dao.DataAccessObject:33 - MYSQL Request for bank IP.
2016-06-16 15:37:28,301  INFO dao.DbTemplate:57 - MYSQL Resources Closed.
2016-06-16 15:37:28,307  INFO dao.DbTemplate:25 - MYSQL Server Connection SUCCESS
2016-06-16 15:37:28,308  INFO dao.DataAccessObject:33 - MYSQL Request for bank IP.
2016-06-16 15:37:28,308  INFO dao.DbTemplate:57 - MYSQL Resources Closed.
2016-06-16 15:37:28,308  INFO repeater.Repeater:61 - Repeater - CheckPasRequest send to server!
2016-06-16 15:37:28,832  INFO repeater.Repeater:64 - Repeater - CheckPasResponse received from server!
2016-06-16 15:40:05,261  INFO dao.DbTemplate:25 - MYSQL Server Connection SUCCESS
2016-06-16 15:40:05,275  INFO dao.DataAccessObject:33 - MYSQL Request for bank IP.
2016-06-16 15:40:05,276  INFO dao.DbTemplate:57 - MYSQL Resources Closed.
2016-06-16 15:41:18,335  INFO dao.DbTemplate:25 - MYSQL Server Connection SUCCESS
2016-06-16 15:41:18,349  INFO dao.DataAccessObject:33 - MYSQL Request for bank IP.
2016-06-16 15:41:18,350  INFO dao.DbTemplate:57 - MYSQL Resources Closed.
2016-06-16 15:41:18,357  INFO dao.DbTemplate:25 - MYSQL Server Connection SUCCESS
2016-06-16 15:41:18,358  INFO dao.DataAccessObject:33 - MYSQL Request for bank IP.
2016-06-16 15:41:18,359  INFO dao.DbTemplate:57 - MYSQL Resources Closed.
2016-06-16 15:42:04,937  INFO dao.DbTemplate:25 - MYSQL Server Connection SUCCESS
2016-06-16 15:42:04,952  INFO dao.DataAccessObject:33 - MYSQL Request for bank IP.
2016-06-16 15:42:04,953  INFO dao.DbTemplate:57 - MYSQL Resources Closed.
2016-06-16 15:42:04,960  INFO dao.DbTemplate:25 - MYSQL Server Connection SUCCESS
2016-06-16 15:42:04,961  INFO dao.DataAccessObject:33 - MYSQL Request for bank IP.
2016-06-16 15:42:04,961  INFO dao.DbTemplate:57 - MYSQL Resources Closed.
2016-06-16 15:42:04,967  INFO dao.DbTemplate:25 - MYSQL Server Connection SUCCESS
2016-06-16 15:42:04,968  INFO dao.DataAccessObject:33 - MYSQL Request for bank IP.
2016-06-16 15:42:04,968  INFO dao.DbTemplate:57 - MYSQL Resources Closed.
2016-06-16 15:43:11,139  INFO dao.DbTemplate:25 - MYSQL Server Connection SUCCESS
2016-06-16 15:43:11,153  INFO dao.DataAccessObject:33 - MYSQL Request for bank IP.
2016-06-16 15:43:11,154  INFO dao.DbTemplate:57 - MYSQL Resources Closed.
2016-06-16 15:43:11,154  INFO repeater.Repeater:54 - Repeater - CheckPasRequest send to server!
2016-06-16 15:43:11,546  INFO repeater.Repeater:57 - Repeater - CheckPasResponse received from server!
2016-06-16 15:43:11,552  INFO dao.DbTemplate:25 - MYSQL Server Connection SUCCESS
2016-06-16 15:43:11,553  INFO dao.DataAccessObject:33 - MYSQL Request for bank IP.
2016-06-16 15:43:11,553  INFO dao.DbTemplate:57 - MYSQL Resources Closed.
2016-06-16 15:55:16,341  INFO resources.Resource:27 - POST: CheckPasRequest, bankID: 0 pasID: 123456789
2016-06-16 15:55:16,692  INFO dao.DbTemplate:25 - MYSQL Server Connection SUCCESS
2016-06-16 15:55:16,713  INFO dao.DataAccessObject:56 - MYSQL Checking if card exists.
2016-06-16 15:55:16,714  INFO dao.DbTemplate:57 - MYSQL Resources Closed.
2016-06-16 15:55:16,722  INFO dao.DbTemplate:25 - MYSQL Server Connection SUCCESS
2016-06-16 15:55:16,723  INFO dao.DataAccessObject:101 - MYSQL Checking pin attempts.
2016-06-16 15:55:16,723  INFO dao.DbTemplate:57 - MYSQL Resources Closed.
2016-06-16 15:55:16,868  INFO resources.Resource:38 - POST: CheckPinRequest, CARD: 69967712760435#118282304544750#124995624532425#128554749732240#109565644624245#36827355360960#90256857612075#132476181090120#133627035945150#
2016-06-16 15:55:16,875  INFO dao.DbTemplate:25 - MYSQL Server Connection SUCCESS
2016-06-16 15:55:16,876  INFO dao.DataAccessObject:101 - MYSQL Checking pin attempts.
2016-06-16 15:55:16,877  INFO dao.DbTemplate:57 - MYSQL Resources Closed.
2016-06-16 15:55:16,893  INFO dao.DbTemplate:25 - MYSQL Server Connection SUCCESS
2016-06-16 15:55:16,893  INFO dao.DataAccessObject:77 - MYSQL Request for pin.
2016-06-16 15:55:16,894  INFO dao.DbTemplate:57 - MYSQL Resources Closed.
2016-06-16 15:55:16,901  INFO dao.DbTemplate:25 - MYSQL Server Connection SUCCESS
2016-06-16 15:55:16,907  INFO dao.DataAccessObject:143 - MYSQL Resetting pin attempts.
2016-06-16 15:55:16,908  INFO dao.DbTemplate:57 - MYSQL Resources Closed.
2016-06-16 15:55:16,909  INFO services.Service:54 - Pincode DBRequest SUCCESS, Iban: 123456789
2016-06-16 15:55:16,920  INFO resources.Resource:63 - POST: BalanceRequest with CARD: 69967712760435#118282304544750#124995624532425#128554749732240#109565644624245#36827355360960#90256857612075#132476181090120#133627035945150#
2016-06-16 15:55:16,928  INFO dao.DbTemplate:25 - MYSQL Server Connection SUCCESS
2016-06-16 15:55:16,929  INFO dao.DbTemplate:57 - MYSQL Resources Closed.
2016-06-16 15:55:16,929  INFO services.Service:63 - Balance DBRequest SUCCESS, Iban: 123456789 Balance: 664278 Cause: Balance request
2016-06-16 15:55:16,957  INFO resources.Resource:74 - POST: WithdrawRequest, CARD: 69967712760435#118282304544750#124995624532425#128554749732240#109565644624245#36827355360960#90256857612075#132476181090120#133627035945150# AMOUNT: 99
2016-06-16 15:55:16,969  INFO dao.DbTemplate:25 - MYSQL Server Connection SUCCESS
2016-06-16 15:55:16,970  INFO dao.DbTemplate:57 - MYSQL Resources Closed.
2016-06-16 15:55:16,970  INFO services.Service:77 - Balance DBRequest SUCCESS Iban: 123456789 Balance: 664278 Cause: Withdraw
2016-06-16 15:55:16,971  INFO services.Service:78 - Withdraw DBRequest Iban: 123456789 Saldo left: 664179
2016-06-16 15:55:16,983  INFO dao.DbTemplate:25 - MYSQL Server Connection SUCCESS
2016-06-16 15:55:16,992  INFO dao.DbTemplate:57 - MYSQL Resources Closed.
2016-06-16 15:55:16,992  INFO dao.DataAccessObject:183 - MYSQL Withdraw method, updated saldo.
2016-06-16 15:55:17,003  INFO dao.DataAccessObject:189 - MYSQL Inserted data into betaalgeschiedenis.
2016-06-16 15:55:17,004  INFO dao.DbTemplate:57 - MYSQL Resources Closed.
2016-06-16 15:55:17,009  INFO dao.DbTemplate:25 - MYSQL Server Connection SUCCESS
2016-06-16 15:55:17,010  INFO dao.DataAccessObject:210 - MYSQL Getting transaction number.
2016-06-16 15:55:17,010  INFO dao.DbTemplate:42 - MYSQL Resources Closed.
2016-06-16 15:55:17,011  INFO services.Service:81 - Withdraw DBRequest SUCCESS, Iban: 123456789 Amount: 99 Transaction ID: 65
