2016-04-05 16:22:39,295  INFO resources.Resource:50 - Post request for withdraw with IBAN: 333333 and amount: 9
2016-04-05 16:22:39,297  WARN services.Service:72 - Database Operation for withdraw failed, pincodeChecked was: false
2016-04-13 10:14:30,742  INFO resources.Resource:50 - Post request for withdraw with IBAN: 333333 and amount: 9
2016-04-13 10:14:31,268  WARN services.Service:72 - Database Operation for withdraw failed, pincodeChecked was: false
2016-04-13 10:14:46,001  INFO dao.DbTemplate:25 - Connection with mysql server made sucessfully.
2016-04-13 10:14:46,051  INFO dao.DbTemplate:57 - Sql Resources closed succesfully.
2016-04-13 10:14:46,051  INFO services.Service:38 - Database operation performed sucessfully for userID: 2
2016-04-13 10:14:46,065  INFO resources.Resource:24 - Get request for userID with IBAN: 333333 and pincode: 1111
2016-04-13 10:27:39,262  INFO dao.DbTemplate:25 - Connection with mysql server made sucessfully.
2016-04-13 10:27:39,264  INFO dao.DbTemplate:57 - Sql Resources closed succesfully.
2016-04-13 10:27:39,264  INFO services.Service:38 - Database operation performed sucessfully for userID: 2
2016-04-13 10:27:39,265  INFO resources.Resource:24 - Get request for userID with IBAN: 333333 and pincode: 1111
2016-04-13 10:43:00,131  INFO dao.DbTemplate:25 - Connection with mysql server made sucessfully.
2016-04-13 10:43:00,162  INFO dao.DbTemplate:57 - Sql Resources closed succesfully.
2016-04-13 10:43:00,162  INFO services.Service:38 - Database operation performed sucessfully for userID: 2
2016-04-13 10:43:00,162  INFO resources.Resource:24 - Get request for userID with IBAN: 333333 and pincode: 1111
2016-04-13 10:56:29,977  INFO dao.DbTemplate:25 - Connection with mysql server made sucessfully.
2016-04-13 10:56:30,007  INFO dao.DbTemplate:57 - Sql Resources closed succesfully.
2016-04-13 10:56:30,007  INFO services.Service:38 - Database operation performed sucessfully for userID: 2
2016-04-13 10:56:30,007  INFO resources.Resource:24 - Get request for userID with IBAN: 333333 and pincode: 1111
2016-04-13 11:06:31,567  INFO dao.DbTemplate:25 - Connection with mysql server made sucessfully.
2016-04-13 11:06:31,569  INFO dao.DbTemplate:57 - Sql Resources closed succesfully.
2016-04-13 11:06:31,570  INFO services.Service:47 - Database operation performed for balance. Iban: 333333 and balance: 95
2016-04-13 11:06:31,571  INFO resources.Resource:40 - Get request for balance with IBAN: 333333
2016-04-13 14:00:31,178  INFO dao.DbTemplate:25 - Connection with mysql server made sucessfully.
2016-04-13 14:00:31,211 ERROR services.Service:28 - DATABASE ERROR WHEN GETTING USERID!!!
2016-04-13 14:00:31,211 ERROR services.Service:29 - ERROR MESSAGE: Table 'straalbetaal.cards' doesn't exist
2016-04-13 14:00:31,212  WARN services.Service:33 - Database operation performed for userID, but incorrect pincode. Iban: 333333 and pincode: 1111 used!
2016-04-13 14:00:31,226  INFO dao.DbTemplate:25 - Connection with mysql server made sucessfully.
2016-04-13 14:00:31,230  INFO resources.Resource:25 - Get request for userID with IBAN: 333333 and pincode: 1111
2016-04-13 14:11:22,981  INFO dao.DbTemplate:25 - Connection with mysql server made sucessfully.
2016-04-13 14:11:23,001  INFO dao.DbTemplate:57 - Sql Resources closed succesfully.
2016-04-13 14:11:23,014  INFO dao.DbTemplate:25 - Connection with mysql server made sucessfully.
2016-04-13 14:11:23,015  INFO dao.DataAccessObject:51 - checkWrongPinCounter method!
2016-04-13 14:11:23,016  INFO dao.DbTemplate:57 - Sql Resources closed succesfully.
2016-04-13 14:11:23,016  INFO services.Service:54 - Database operation performed sucessfully for userID: 2
2016-04-13 14:11:23,016  INFO resources.Resource:25 - Get request for userID with IBAN: 333333 and pincode: 1111
2016-04-13 14:11:35,249  INFO dao.DbTemplate:25 - Connection with mysql server made sucessfully.
2016-04-13 14:11:35,250  INFO dao.DbTemplate:57 - Sql Resources closed succesfully.
2016-04-13 14:11:35,251  INFO services.Service:65 - Database operation performed for balance. Iban: 333333 and balance: 95
2016-04-13 14:11:35,255  INFO resources.Resource:40 - Get request for balance with IBAN: 333333
2016-04-13 14:11:59,608  INFO resources.Resource:50 - Post request for withdraw with IBAN: 333333 and amount: 5
2016-04-13 14:11:59,636  INFO dao.DbTemplate:25 - Connection with mysql server made sucessfully.
2016-04-13 14:11:59,644  INFO dao.DbTemplate:57 - Sql Resources closed succesfully.
2016-04-13 14:11:59,645  INFO services.Service:81 - Database operation performed for balance *IN WITHDRAW*. Iban: 333333 and balance: 95
2016-04-13 14:11:59,646  INFO services.Service:83 - Withdraw attempt. Iban: 333333 and current Saldo: 90
2016-04-13 14:11:59,672  INFO dao.DbTemplate:25 - Connection with mysql server made sucessfully.
2016-04-13 14:11:59,692  INFO dao.DbTemplate:57 - Sql Resources closed succesfully.
2016-04-13 14:11:59,693  INFO dao.DataAccessObject:107 - Withdraw method, updated saldo!
2016-04-13 14:11:59,776 ERROR services.Service:92 - DATABASE ERROR WHEN DOING WITHDRAW!!!
2016-04-13 14:11:59,778 ERROR services.Service:93 - ERROR MESSAGE: Unknown column 'af_bij_geschreven' in 'field list'
2016-04-13 14:15:31,502  INFO dao.DbTemplate:25 - Connection with mysql server made sucessfully.
2016-04-13 14:15:31,522  INFO dao.DbTemplate:57 - Sql Resources closed succesfully.
2016-04-13 14:15:31,534  INFO dao.DbTemplate:25 - Connection with mysql server made sucessfully.
2016-04-13 14:15:31,535  INFO dao.DataAccessObject:51 - checkWrongPinCounter method!
2016-04-13 14:15:31,536  INFO dao.DbTemplate:57 - Sql Resources closed succesfully.
2016-04-13 14:15:31,536  INFO services.Service:54 - Database operation performed sucessfully for userID: 2
2016-04-13 14:15:31,536  INFO resources.Resource:25 - Get request for userID with IBAN: 333333 and pincode: 1111
2016-04-13 14:15:39,427  INFO dao.DbTemplate:25 - Connection with mysql server made sucessfully.
2016-04-13 14:15:39,428  INFO dao.DbTemplate:57 - Sql Resources closed succesfully.
2016-04-13 14:15:39,428  INFO services.Service:65 - Database operation performed for balance. Iban: 333333 and balance: 90
2016-04-13 14:15:39,428  INFO resources.Resource:40 - Get request for balance with IBAN: 333333
2016-04-13 14:15:47,181  INFO dao.DbTemplate:25 - Connection with mysql server made sucessfully.
2016-04-13 14:15:47,182  INFO dao.DbTemplate:57 - Sql Resources closed succesfully.
2016-04-13 14:15:47,182  INFO services.Service:65 - Database operation performed for balance. Iban: 333333 and balance: 90
2016-04-13 14:15:47,183  INFO resources.Resource:40 - Get request for balance with IBAN: 333333
2016-04-13 14:16:10,609  INFO resources.Resource:50 - Post request for withdraw with IBAN: 333333 and amount: 5
2016-04-13 14:16:10,626  INFO dao.DbTemplate:25 - Connection with mysql server made sucessfully.
2016-04-13 14:16:10,634  INFO dao.DbTemplate:57 - Sql Resources closed succesfully.
2016-04-13 14:16:10,634  INFO services.Service:81 - Database operation performed for balance *IN WITHDRAW*. Iban: 333333 and balance: 90
2016-04-13 14:16:10,634  INFO services.Service:83 - Withdraw attempt. Iban: 333333 and current Saldo: 85
2016-04-13 14:16:10,649  INFO dao.DbTemplate:25 - Connection with mysql server made sucessfully.
2016-04-13 14:16:10,653  INFO dao.DbTemplate:57 - Sql Resources closed succesfully.
2016-04-13 14:16:10,654  INFO dao.DataAccessObject:107 - Withdraw method, updated saldo!
2016-04-13 14:16:10,668  INFO dao.DataAccessObject:113 - Withdraw method, inserted data into betaalgeschiedenis!
2016-04-13 14:16:10,669  INFO dao.DbTemplate:57 - Sql Resources closed succesfully.
2016-04-13 14:16:10,669  INFO services.Service:86 - Database operation for withdraw succeeded. Iban: 333333 and amount: 5
2016-04-13 14:19:40,464  INFO dao.DbTemplate:25 - Connection with mysql server made sucessfully.
2016-04-13 14:19:40,465  INFO dao.DbTemplate:57 - Sql Resources closed succesfully.
2016-04-13 14:19:40,466  WARN services.Service:33 - Database operation performed for userID, but incorrect pincode. Iban: 333333 and pincode: 77 used!
2016-04-13 14:19:40,474  INFO dao.DbTemplate:25 - Connection with mysql server made sucessfully.
2016-04-13 14:19:40,474  INFO dao.DataAccessObject:51 - checkWrongPinCounter method!
2016-04-13 14:19:40,474  INFO dao.DbTemplate:57 - Sql Resources closed succesfully.
2016-04-13 14:19:40,483  INFO dao.DbTemplate:25 - Connection with mysql server made sucessfully.
2016-04-13 14:19:40,487  INFO dao.DataAccessObject:71 - insertWrongPincodeCounter method, inserted counter++ into cards!
2016-04-13 14:19:40,487  INFO dao.DbTemplate:57 - Sql Resources closed succesfully.
2016-04-13 14:19:40,487  INFO resources.Resource:25 - Get request for userID with IBAN: 333333 and pincode: 77
2016-04-13 14:28:07,344  INFO dao.DbTemplate:25 - Connection with mysql server made sucessfully.
2016-04-13 14:28:07,348  INFO dao.DbTemplate:57 - Sql Resources closed succesfully.
2016-04-13 14:28:07,360  INFO dao.DbTemplate:25 - Connection with mysql server made sucessfully.
2016-04-13 14:28:07,360  INFO dao.DataAccessObject:51 - checkWrongPinCounter method!
2016-04-13 14:28:07,363  INFO dao.DbTemplate:57 - Sql Resources closed succesfully.
2016-04-13 14:28:07,363  INFO services.Service:54 - Database operation performed sucessfully for userID: 2
2016-04-13 14:28:07,363  INFO resources.Resource:25 - Get request for userID with IBAN: 333333 and pincode: 1111
2016-04-13 14:28:18,169  INFO dao.DbTemplate:25 - Connection with mysql server made sucessfully.
2016-04-13 14:28:18,169  INFO dao.DbTemplate:57 - Sql Resources closed succesfully.
2016-04-13 14:28:18,170  INFO services.Service:65 - Database operation performed for balance. Iban: 333333 and balance: 85
2016-04-13 14:28:18,170  INFO resources.Resource:40 - Get request for balance with IBAN: 333333
2016-04-13 14:28:28,810  INFO resources.Resource:50 - Post request for withdraw with IBAN: 333333 and amount: 5
2016-04-13 14:28:28,822  INFO dao.DbTemplate:25 - Connection with mysql server made sucessfully.
2016-04-13 14:28:28,823  INFO dao.DbTemplate:57 - Sql Resources closed succesfully.
2016-04-13 14:28:28,823  INFO services.Service:81 - Database operation performed for balance *IN WITHDRAW*. Iban: 333333 and balance: 85
2016-04-13 14:28:28,823  INFO services.Service:83 - Withdraw attempt. Iban: 333333 and current Saldo: 80
2016-04-13 14:28:28,836  INFO dao.DbTemplate:25 - Connection with mysql server made sucessfully.
2016-04-13 14:28:28,850  INFO dao.DbTemplate:57 - Sql Resources closed succesfully.
2016-04-13 14:28:28,850  INFO dao.DataAccessObject:107 - Withdraw method, updated saldo!
2016-04-13 14:28:28,855  INFO dao.DataAccessObject:113 - Withdraw method, inserted data into betaalgeschiedenis!
2016-04-13 14:28:28,855  INFO dao.DbTemplate:57 - Sql Resources closed succesfully.
2016-04-13 14:28:28,855  INFO services.Service:86 - Database operation for withdraw succeeded. Iban: 333333 and amount: 5
2016-04-13 14:28:46,336  INFO dao.DbTemplate:25 - Connection with mysql server made sucessfully.
2016-04-13 14:28:46,338  INFO dao.DbTemplate:57 - Sql Resources closed succesfully.
2016-04-13 14:28:46,338  WARN services.Service:33 - Database operation performed for userID, but incorrect pincode. Iban: 333333 and pincode: 52111 used!
2016-04-13 14:28:46,356  INFO dao.DbTemplate:25 - Connection with mysql server made sucessfully.
2016-04-13 14:28:46,357  INFO dao.DataAccessObject:51 - checkWrongPinCounter method!
2016-04-13 14:28:46,358  INFO dao.DbTemplate:57 - Sql Resources closed succesfully.
2016-04-13 14:28:46,378  INFO dao.DbTemplate:25 - Connection with mysql server made sucessfully.
2016-04-13 14:28:46,392  INFO dao.DataAccessObject:71 - insertWrongPincodeCounter method, inserted counter++ into cards!
2016-04-13 14:28:46,393  INFO dao.DbTemplate:57 - Sql Resources closed succesfully.
2016-04-13 14:28:46,393  INFO resources.Resource:25 - Get request for userID with IBAN: 333333 and pincode: 52111
2016-04-13 14:28:55,276  INFO dao.DbTemplate:25 - Connection with mysql server made sucessfully.
2016-04-13 14:28:55,277  INFO dao.DbTemplate:57 - Sql Resources closed succesfully.
2016-04-13 14:28:55,277  WARN services.Service:33 - Database operation performed for userID, but incorrect pincode. Iban: 333333 and pincode: 52111 used!
2016-04-13 14:28:55,286  INFO dao.DbTemplate:25 - Connection with mysql server made sucessfully.
2016-04-13 14:28:55,287  INFO dao.DataAccessObject:51 - checkWrongPinCounter method!
2016-04-13 14:28:55,287  INFO dao.DbTemplate:57 - Sql Resources closed succesfully.
2016-04-13 14:28:55,292  INFO dao.DbTemplate:25 - Connection with mysql server made sucessfully.
2016-04-13 14:28:55,296  INFO dao.DataAccessObject:71 - insertWrongPincodeCounter method, inserted counter++ into cards!
2016-04-13 14:28:55,296  INFO dao.DbTemplate:57 - Sql Resources closed succesfully.
2016-04-13 14:28:55,297  INFO resources.Resource:25 - Get request for userID with IBAN: 333333 and pincode: 52111
2016-04-13 14:29:04,385  INFO dao.DbTemplate:25 - Connection with mysql server made sucessfully.
2016-04-13 14:29:04,387  INFO dao.DbTemplate:57 - Sql Resources closed succesfully.
2016-04-13 14:29:04,387  WARN services.Service:33 - Database operation performed for userID, but incorrect pincode. Iban: 333333 and pincode: 52111 used!
2016-04-13 14:29:04,398  INFO dao.DbTemplate:25 - Connection with mysql server made sucessfully.
2016-04-13 14:29:04,399  INFO dao.DataAccessObject:51 - checkWrongPinCounter method!
2016-04-13 14:29:04,400  INFO dao.DbTemplate:57 - Sql Resources closed succesfully.
2016-04-13 14:29:04,407  INFO dao.DbTemplate:25 - Connection with mysql server made sucessfully.
2016-04-13 14:29:04,412  INFO dao.DataAccessObject:71 - insertWrongPincodeCounter method, inserted counter++ into cards!
2016-04-13 14:29:04,412  INFO dao.DbTemplate:57 - Sql Resources closed succesfully.
2016-04-13 14:29:04,414  INFO resources.Resource:25 - Get request for userID with IBAN: 333333 and pincode: 52111
2016-04-13 14:29:10,857  INFO dao.DbTemplate:25 - Connection with mysql server made sucessfully.
2016-04-13 14:29:10,858  INFO dao.DbTemplate:57 - Sql Resources closed succesfully.
2016-04-13 14:29:10,858  WARN services.Service:33 - Database operation performed for userID, but incorrect pincode. Iban: 333333 and pincode: 52111 used!
2016-04-13 14:29:10,868  INFO dao.DbTemplate:25 - Connection with mysql server made sucessfully.
2016-04-13 14:29:10,868  INFO dao.DataAccessObject:51 - checkWrongPinCounter method!
2016-04-13 14:29:10,869  INFO dao.DbTemplate:57 - Sql Resources closed succesfully.
2016-04-13 14:29:10,875  INFO dao.DbTemplate:25 - Connection with mysql server made sucessfully.
2016-04-13 14:29:10,879  INFO dao.DataAccessObject:71 - insertWrongPincodeCounter method, inserted counter++ into cards!
2016-04-13 14:29:10,880  INFO dao.DbTemplate:57 - Sql Resources closed succesfully.
2016-04-13 14:29:10,880  INFO resources.Resource:25 - Get request for userID with IBAN: 333333 and pincode: 52111
2016-04-13 14:32:18,304  INFO dao.DbTemplate:25 - Connection with mysql server made sucessfully.
2016-04-13 14:32:18,325  INFO dao.DbTemplate:57 - Sql Resources closed succesfully.
2016-04-13 14:32:18,325  WARN services.Service:35 - Database operation performed for userID, but incorrect pincode. Iban: 333333 and pincode: 52111 used!
2016-04-13 14:32:18,338  INFO dao.DbTemplate:25 - Connection with mysql server made sucessfully.
2016-04-13 14:32:18,339  INFO dao.DataAccessObject:51 - checkWrongPinCounter method!
2016-04-13 14:32:18,340  INFO dao.DbTemplate:57 - Sql Resources closed succesfully.
2016-04-13 14:32:18,353  INFO dao.DbTemplate:25 - Connection with mysql server made sucessfully.
2016-04-13 14:32:18,359  INFO dao.DataAccessObject:71 - insertWrongPincodeCounter method, inserted counter++ into cards!
2016-04-13 14:32:18,359  INFO dao.DbTemplate:57 - Sql Resources closed succesfully.
2016-04-13 14:32:18,359  INFO resources.Resource:25 - Get request for userID with IBAN: 333333 and pincode: 52111
2016-04-13 14:32:21,860  INFO dao.DbTemplate:25 - Connection with mysql server made sucessfully.
2016-04-13 14:32:21,862  INFO dao.DbTemplate:57 - Sql Resources closed succesfully.
2016-04-13 14:32:21,862  WARN services.Service:35 - Database operation performed for userID, but incorrect pincode. Iban: 333333 and pincode: 52111 used!
2016-04-13 14:32:21,875  INFO dao.DbTemplate:25 - Connection with mysql server made sucessfully.
2016-04-13 14:32:21,876  INFO dao.DataAccessObject:51 - checkWrongPinCounter method!
2016-04-13 14:32:21,876  INFO dao.DbTemplate:57 - Sql Resources closed succesfully.
2016-04-13 14:32:21,886  INFO dao.DbTemplate:25 - Connection with mysql server made sucessfully.
2016-04-13 14:32:21,890  INFO dao.DataAccessObject:71 - insertWrongPincodeCounter method, inserted counter++ into cards!
2016-04-13 14:32:21,891  INFO dao.DbTemplate:57 - Sql Resources closed succesfully.
2016-04-13 14:32:21,891  INFO resources.Resource:25 - Get request for userID with IBAN: 333333 and pincode: 52111
2016-04-13 14:32:30,432  INFO dao.DbTemplate:25 - Connection with mysql server made sucessfully.
2016-04-13 14:32:30,434  INFO dao.DbTemplate:57 - Sql Resources closed succesfully.
2016-04-13 14:32:30,434  WARN services.Service:35 - Database operation performed for userID, but incorrect pincode. Iban: 333333 and pincode: 52111 used!
2016-04-13 14:32:30,448  INFO dao.DbTemplate:25 - Connection with mysql server made sucessfully.
2016-04-13 14:32:30,455  INFO dao.DataAccessObject:51 - checkWrongPinCounter method!
2016-04-13 14:32:30,455  INFO dao.DbTemplate:57 - Sql Resources closed succesfully.
2016-04-13 14:32:30,464  INFO dao.DbTemplate:25 - Connection with mysql server made sucessfully.
2016-04-13 14:32:30,473  INFO dao.DataAccessObject:71 - insertWrongPincodeCounter method, inserted counter++ into cards!
2016-04-13 14:32:30,473  INFO dao.DbTemplate:57 - Sql Resources closed succesfully.
2016-04-13 14:32:30,473  INFO resources.Resource:25 - Get request for userID with IBAN: 333333 and pincode: 52111
2016-04-13 14:36:11,858  INFO dao.DbTemplate:25 - Connection with mysql server made sucessfully.
2016-04-13 14:36:11,891  INFO dao.DbTemplate:57 - Sql Resources closed succesfully.
2016-04-13 14:36:11,903  INFO dao.DbTemplate:25 - Connection with mysql server made sucessfully.
2016-04-13 14:36:11,904  INFO dao.DataAccessObject:51 - checkWrongPinCounter method!
2016-04-13 14:36:11,905  INFO dao.DbTemplate:57 - Sql Resources closed succesfully.
2016-04-13 14:36:11,905  INFO resources.Resource:25 - Get request for userID with IBAN: 333333 and pincode: 52111
2016-04-13 17:01:13,485  INFO dao.DbTemplate:25 - Connection with mysql server made sucessfully.
2016-04-13 17:01:13,535  INFO dao.DbTemplate:57 - Sql Resources closed succesfully.
2016-04-13 17:01:13,560  INFO dao.DbTemplate:25 - Connection with mysql server made sucessfully.
2016-04-13 17:01:13,569  INFO dao.DbTemplate:57 - Sql Resources closed succesfully.
2016-04-13 17:01:13,576  WARN services.Service:38 - Database operation performed for userID, but incorrect pincode. Iban: null and pincode: 1337 used!
2016-04-13 17:01:13,592  INFO dao.DbTemplate:25 - Connection with mysql server made sucessfully.
2016-04-13 17:01:13,593  INFO dao.DbTemplate:57 - Sql Resources closed succesfully.
2016-04-13 17:01:13,612  INFO dao.DbTemplate:25 - Connection with mysql server made sucessfully.
2016-04-13 17:01:13,614  INFO dao.DataAccessObject:71 - insertWrongPincodeCounter method, inserted counter++ into cards!
2016-04-13 17:01:13,615  INFO dao.DbTemplate:57 - Sql Resources closed succesfully.
2016-04-13 17:01:13,618  INFO resources.Resource:25 - Get request for userID with IBAN: null and pincode: 1337
2016-04-13 17:02:50,056  INFO dao.DbTemplate:25 - Connection with mysql server made sucessfully.
2016-04-13 17:02:50,057  INFO dao.DbTemplate:57 - Sql Resources closed succesfully.
2016-04-13 17:02:50,064  INFO dao.DbTemplate:25 - Connection with mysql server made sucessfully.
2016-04-13 17:02:50,067  INFO dao.DbTemplate:57 - Sql Resources closed succesfully.
2016-04-13 17:02:50,068  WARN services.Service:38 - Database operation performed for userID, but incorrect pincode. Iban: null and pincode: 1337 used!
2016-04-13 17:02:50,086  INFO dao.DbTemplate:25 - Connection with mysql server made sucessfully.
2016-04-13 17:02:50,087  INFO dao.DbTemplate:57 - Sql Resources closed succesfully.
2016-04-13 17:02:50,099  INFO dao.DbTemplate:25 - Connection with mysql server made sucessfully.
2016-04-13 17:02:50,099  INFO dao.DataAccessObject:71 - insertWrongPincodeCounter method, inserted counter++ into cards!
2016-04-13 17:02:50,100  INFO dao.DbTemplate:57 - Sql Resources closed succesfully.
2016-04-13 17:02:50,100  INFO resources.Resource:25 - Get request for userID with IBAN: null and pincode: 1337
