2016-03-29 13:46:47,294  INFO client.ClientBackEnd:56 - Client - CheckPincode Response send to server!
2016-03-29 13:46:47,668  INFO client.ClientBackEnd:65 - Client - Balance Response send to server!
2016-03-29 13:46:47,778  INFO client.ClientBackEnd:80 - Client - Withdraw Response send to server!
2016-03-29 13:52:21,215  INFO client.ClientBackEnd:57 - Client - CheckPincode Response send to server!
2016-03-29 13:52:21,599  INFO client.ClientBackEnd:66 - Client - Balance Response send to server!
2016-03-29 13:52:21,805  INFO client.ClientBackEnd:81 - Client - Withdraw Response send to server!
2016-03-29 13:52:21,819  INFO client.ClientBackEnd:81 - Client - Withdraw Response send to server!
2016-03-29 13:52:31,156  INFO client.ClientBackEnd:57 - Client - CheckPincode Response send to server!
2016-03-29 13:52:31,520  INFO client.ClientBackEnd:66 - Client - Balance Response send to server!
2016-03-29 13:52:31,630  INFO client.ClientBackEnd:81 - Client - Withdraw Response send to server!
2016-03-29 13:52:31,642  INFO client.ClientBackEnd:81 - Client - Withdraw Response send to server!
2016-03-29 13:53:15,598  INFO client.ClientBackEnd:57 - Client - CheckPincode Response send to server!
2016-03-29 13:53:15,968  INFO client.ClientBackEnd:66 - Client - Balance Response send to server!
2016-03-29 13:53:16,097  INFO client.ClientBackEnd:81 - Client - Withdraw Response send to server!
2016-03-29 13:53:16,108  INFO client.ClientBackEnd:81 - Client - Withdraw Response send to server!
2016-03-29 13:54:31,053  INFO client.ClientBackEnd:57 - Client - CheckPincode Response send to server!
2016-03-29 13:54:31,333  INFO client.ClientBackEnd:66 - Client - Balance Response send to server!
2016-03-29 13:54:31,412  INFO client.ClientBackEnd:81 - Client - Withdraw Response send to server!
2016-03-29 13:54:31,420  INFO client.ClientBackEnd:81 - Client - Withdraw Response send to server!
2016-03-29 13:55:36,475  INFO client.ClientBackEnd:59 - Client - CheckPincode Response send to server!
2016-03-29 13:55:36,763  INFO client.ClientBackEnd:68 - Client - Balance Response send to server!
2016-03-29 13:55:36,867  INFO client.ClientBackEnd:83 - Client - Withdraw Response send to server!
2016-03-29 13:55:36,867  INFO client.ClientBackEnd:68 - Client - Balance Response send to server!
2016-03-29 13:55:36,882  INFO client.ClientBackEnd:83 - Client - Withdraw Response send to server!
2016-03-29 13:55:36,882  INFO client.ClientBackEnd:68 - Client - Balance Response send to server!
2016-03-29 13:57:35,967  INFO client.ClientBackEnd:63 - Client - CheckPincode Response send to server!
2016-03-29 13:57:36,272  INFO client.ClientBackEnd:72 - Client - Balance Response send to server!
2016-03-29 13:57:36,361  INFO client.ClientBackEnd:87 - Client - Withdraw Response send to server!
2016-03-29 13:57:36,361  INFO client.ClientBackEnd:72 - Client - Balance Response send to server!
2016-03-29 13:57:36,375  INFO client.ClientBackEnd:87 - Client - Withdraw Response send to server!
2016-03-29 13:57:36,375  INFO client.ClientBackEnd:72 - Client - Balance Response send to server!
2016-03-29 13:59:48,011  INFO client.ClientBackEnd:61 - Client - CheckPincode Response send to server!
2016-03-29 13:59:48,300  INFO client.ClientBackEnd:70 - Client - Balance Response send to server!
2016-03-29 13:59:48,405  INFO client.ClientBackEnd:85 - Client - Withdraw Response send to server!
2016-03-29 13:59:48,413  INFO client.ClientBackEnd:85 - Client - Withdraw Response send to server!
2016-03-29 13:59:48,414  INFO client.ClientBackEnd:70 - Client - Balance Response send to server!
2016-03-29 14:02:37,235  INFO client.ClientBackEnd:63 - Client - CheckPincode Response send to server!
2016-03-29 14:02:37,517  INFO client.ClientBackEnd:72 - Client - Balance Response send to server!
2016-03-29 14:02:37,600  INFO client.ClientBackEnd:87 - Client - Withdraw Response send to server!
2016-03-29 14:02:37,607  INFO client.ClientBackEnd:87 - Client - Withdraw Response send to server!
2016-03-29 14:02:37,607  INFO client.ClientBackEnd:72 - Client - Balance Response send to server!
2016-03-29 14:07:22,349  INFO client.ClientBackEnd:67 - Client - CheckPincode Response send to server!
2016-03-29 14:07:22,640  INFO client.ClientBackEnd:76 - Client - Balance Response send to server!
2016-03-29 14:07:22,769  INFO client.ClientBackEnd:91 - Client - Withdraw Response send to server!
2016-03-29 14:07:22,779  INFO client.ClientBackEnd:91 - Client - Withdraw Response send to server!
2016-03-29 14:07:22,792  INFO client.ClientBackEnd:91 - Client - Withdraw Response send to server!
2016-03-29 14:07:22,792  INFO client.ClientBackEnd:76 - Client - Balance Response send to server!
2016-03-29 14:09:55,235  INFO client.ClientBackEnd:67 - Client - CheckPincode Response send to server!
2016-03-29 14:09:55,520  INFO client.ClientBackEnd:76 - Client - Balance Response send to server!
2016-03-29 14:09:55,809  INFO client.ClientBackEnd:91 - Client - Withdraw Response send to server!
2016-03-29 14:09:55,822  INFO client.ClientBackEnd:91 - Client - Withdraw Response send to server!
2016-03-29 14:09:55,830  INFO client.ClientBackEnd:91 - Client - Withdraw Response send to server!
2016-03-29 14:09:55,830  INFO client.ClientBackEnd:76 - Client - Balance Response send to server!
2016-03-29 14:10:33,573  INFO client.ClientBackEnd:67 - Client - CheckPincode Response send to server!
2016-03-29 14:10:33,863  INFO client.ClientBackEnd:76 - Client - Balance Response send to server!
2016-03-29 14:10:34,014  INFO client.ClientBackEnd:92 - Client - Withdraw Response send to server!
2016-03-29 14:10:34,023  INFO client.ClientBackEnd:92 - Client - Withdraw Response send to server!
2016-03-29 14:10:34,032  INFO client.ClientBackEnd:92 - Client - Withdraw Response send to server!
2016-03-29 14:10:34,032  INFO client.ClientBackEnd:76 - Client - Balance Response send to server!
2016-03-29 14:13:08,708  INFO client.ClientBackEnd:63 - Client - CheckPincode Response send to server!
2016-03-29 14:13:09,003  INFO client.ClientBackEnd:72 - Client - Balance Response send to server!
2016-03-29 14:13:09,177  INFO client.ClientBackEnd:88 - Client - Withdraw Response send to server!
2016-03-29 14:13:09,177  INFO client.ClientBackEnd:72 - Client - Balance Response send to server!
2016-03-29 14:13:26,079  INFO client.ClientBackEnd:63 - Client - CheckPincode Response send to server!
2016-03-29 14:13:26,383  INFO client.ClientBackEnd:72 - Client - Balance Response send to server!
2016-03-29 14:13:26,480  INFO client.ClientBackEnd:88 - Client - Withdraw Response send to server!
2016-03-29 14:13:26,480  INFO client.ClientBackEnd:72 - Client - Balance Response send to server!
2016-03-29 14:16:21,737  INFO client.ClientBackEnd:64 - Client - CheckPincode Response send to server!
2016-03-29 14:16:22,044  INFO client.ClientBackEnd:73 - Client - Balance Response send to server!
2016-03-29 14:16:22,127  INFO client.ClientBackEnd:88 - Client - Withdraw Response send to server!
2016-03-29 14:16:22,127  INFO client.ClientBackEnd:73 - Client - Balance Response send to server!
2016-03-29 14:16:54,610  INFO client.ClientBackEnd:64 - Client - CheckPincode Response send to server!
2016-03-29 14:16:54,895  INFO client.ClientBackEnd:73 - Client - Balance Response send to server!
2016-03-29 14:16:54,967  INFO client.ClientBackEnd:88 - Client - Withdraw Response send to server!
2016-03-29 14:16:54,978  INFO client.ClientBackEnd:73 - Client - Balance Response send to server!
2016-03-29 14:19:09,338  INFO client.ClientBackEnd:65 - Client - CheckPincode Response send to server!
2016-03-29 14:19:09,626  INFO client.ClientBackEnd:74 - Client - Balance Response send to server!
2016-03-29 14:19:09,707  INFO client.ClientBackEnd:89 - Client - Withdraw Response send to server!
2016-03-29 14:19:09,718  INFO client.ClientBackEnd:65 - Client - CheckPincode Response send to server!
2016-03-29 14:19:09,747  INFO client.ClientBackEnd:74 - Client - Balance Response send to server!
2016-03-29 14:20:17,063  INFO client.ClientBackEnd:65 - Client - CheckPincode Response send to server!
2016-03-29 14:20:17,362  INFO client.ClientBackEnd:74 - Client - Balance Response send to server!
2016-03-29 14:20:17,461  INFO client.ClientBackEnd:89 - Client - Withdraw Response send to server!
2016-03-29 14:20:17,475  INFO client.ClientBackEnd:65 - Client - CheckPincode Response send to server!
2016-03-29 14:20:17,499  INFO client.ClientBackEnd:74 - Client - Balance Response send to server!
2016-03-29 14:20:36,716  INFO client.ClientBackEnd:65 - Client - CheckPincode Response send to server!
2016-03-29 14:20:37,025  INFO client.ClientBackEnd:74 - Client - Balance Response send to server!
2016-03-29 14:20:37,130  INFO client.ClientBackEnd:89 - Client - Withdraw Response send to server!
2016-03-29 14:20:37,141  INFO client.ClientBackEnd:65 - Client - CheckPincode Response send to server!
2016-03-29 14:20:37,158  INFO client.ClientBackEnd:74 - Client - Balance Response send to server!
2016-03-29 14:20:47,448  INFO client.ClientBackEnd:65 - Client - CheckPincode Response send to server!
2016-03-29 14:20:47,748  INFO client.ClientBackEnd:74 - Client - Balance Response send to server!
2016-03-29 14:20:47,844  INFO client.ClientBackEnd:89 - Client - Withdraw Response send to server!
2016-03-29 14:20:47,857  INFO client.ClientBackEnd:65 - Client - CheckPincode Response send to server!
2016-03-29 14:20:47,893  INFO client.ClientBackEnd:74 - Client - Balance Response send to server!
2016-03-29 14:48:41,226  INFO client.ClientBackEnd:65 - Client - CheckPincode Response send to server!
2016-03-29 14:48:41,508  INFO client.ClientBackEnd:74 - Client - Balance Response send to server!
2016-03-29 14:48:41,601  INFO client.ClientBackEnd:89 - Client - Withdraw Response send to server!
2016-03-29 14:48:41,613  INFO client.ClientBackEnd:65 - Client - CheckPincode Response send to server!
2016-03-29 14:48:41,849  INFO client.ClientBackEnd:74 - Client - Balance Response send to server!
2016-04-13 17:01:13,233  INFO client.ClientBackEnd:60 - Client - CheckPincode Response send to server!
2016-04-13 17:01:22,005  INFO client.ClientBackEnd:69 - Client - Balance Response send to server!
2016-04-13 17:02:51,203  INFO client.ClientBackEnd:60 - Client - CheckPincode Response send to server!
2016-04-13 17:02:56,724  INFO client.ClientBackEnd:69 - Client - Balance Response send to server!
2016-04-14 15:49:58,624  INFO client.ClientBackEnd:60 - Client - CheckPincode Response send to server!
2016-04-14 15:50:20,052  INFO client.ClientBackEnd:60 - Client - CheckPincode Response send to server!
2016-04-14 15:50:22,708  INFO client.ClientBackEnd:60 - Client - CheckPincode Response send to server!
2016-04-14 15:50:25,340  INFO client.ClientBackEnd:60 - Client - CheckPincode Response send to server!
2016-04-14 15:50:27,973  INFO client.ClientBackEnd:60 - Client - CheckPincode Response send to server!
2016-04-14 15:50:40,492  INFO client.ClientBackEnd:60 - Client - CheckPincode Response send to server!
2016-04-14 15:50:43,110  INFO client.ClientBackEnd:60 - Client - CheckPincode Response send to server!
2016-04-14 15:51:06,239  INFO client.ClientBackEnd:60 - Client - CheckPincode Response send to server!
2016-04-14 15:51:08,858  INFO client.ClientBackEnd:60 - Client - CheckPincode Response send to server!
2016-04-14 15:51:11,442  INFO client.ClientBackEnd:60 - Client - CheckPincode Response send to server!
2016-04-14 15:51:14,039  INFO client.ClientBackEnd:60 - Client - CheckPincode Response send to server!
2016-04-14 15:51:16,623  INFO client.ClientBackEnd:60 - Client - CheckPincode Response send to server!
2016-04-14 15:51:19,237  INFO client.ClientBackEnd:60 - Client - CheckPincode Response send to server!
2016-04-14 15:51:21,806  INFO client.ClientBackEnd:60 - Client - CheckPincode Response send to server!
2016-04-14 15:51:24,383  INFO client.ClientBackEnd:60 - Client - CheckPincode Response send to server!
2016-04-14 15:51:26,974  INFO client.ClientBackEnd:60 - Client - CheckPincode Response send to server!
2016-04-14 15:51:29,550  INFO client.ClientBackEnd:60 - Client - CheckPincode Response send to server!
2016-04-14 15:51:32,134  INFO client.ClientBackEnd:60 - Client - CheckPincode Response send to server!
2016-04-14 15:51:34,696  INFO client.ClientBackEnd:60 - Client - CheckPincode Response send to server!
2016-04-14 15:51:37,427  INFO client.ClientBackEnd:60 - Client - CheckPincode Response send to server!
2016-04-14 15:51:39,999  INFO client.ClientBackEnd:60 - Client - CheckPincode Response send to server!
2016-04-14 15:51:42,556  INFO client.ClientBackEnd:60 - Client - CheckPincode Response send to server!
2016-04-14 15:51:45,125  INFO client.ClientBackEnd:60 - Client - CheckPincode Response send to server!
2016-04-14 15:51:47,706  INFO client.ClientBackEnd:60 - Client - CheckPincode Response send to server!
2016-04-14 15:51:50,276  INFO client.ClientBackEnd:60 - Client - CheckPincode Response send to server!
2016-04-14 15:51:52,904  INFO client.ClientBackEnd:60 - Client - CheckPincode Response send to server!
2016-04-14 15:51:55,457  INFO client.ClientBackEnd:60 - Client - CheckPincode Response send to server!
2016-04-14 15:51:58,015  INFO client.ClientBackEnd:60 - Client - CheckPincode Response send to server!
2016-04-14 15:52:00,590  INFO client.ClientBackEnd:60 - Client - CheckPincode Response send to server!
2016-04-14 15:52:03,149  INFO client.ClientBackEnd:60 - Client - CheckPincode Response send to server!
2016-04-14 15:52:05,705  INFO client.ClientBackEnd:60 - Client - CheckPincode Response send to server!
2016-04-14 15:52:08,279  INFO client.ClientBackEnd:60 - Client - CheckPincode Response send to server!
2016-04-14 15:52:10,850  INFO client.ClientBackEnd:60 - Client - CheckPincode Response send to server!
2016-04-14 15:52:13,432  INFO client.ClientBackEnd:60 - Client - CheckPincode Response send to server!
2016-04-14 15:52:15,994  INFO client.ClientBackEnd:60 - Client - CheckPincode Response send to server!
2016-04-14 15:52:18,550  INFO client.ClientBackEnd:60 - Client - CheckPincode Response send to server!
2016-04-14 15:52:21,122  INFO client.ClientBackEnd:60 - Client - CheckPincode Response send to server!
2016-04-14 15:52:23,671  INFO client.ClientBackEnd:60 - Client - CheckPincode Response send to server!
2016-04-14 15:52:26,405  INFO client.ClientBackEnd:60 - Client - CheckPincode Response send to server!
2016-04-14 15:52:28,977  INFO client.ClientBackEnd:60 - Client - CheckPincode Response send to server!
2016-04-14 16:00:10,837  INFO client.ClientBackEnd:60 - Client - CheckPincode Response send to server!
2016-04-14 16:03:00,256  INFO client.ClientBackEnd:60 - Client - CheckPincode Response send to server!
2016-04-14 16:03:47,829  INFO client.ClientBackEnd:60 - Client - CheckPincode Response send to server!
2016-04-14 16:05:16,373  INFO client.ClientBackEnd:60 - Client - CheckPincode Response send to server!
2016-04-14 16:11:47,060  INFO client.ClientBackEnd:60 - Client - CheckPincode Response send to server!
2016-04-14 16:12:35,052  INFO client.ClientBackEnd:69 - Client - Balance Response send to server!
2016-04-14 16:20:32,164  INFO client.ClientBackEnd:60 - Client - CheckPincode Response send to server!
2016-04-14 16:20:44,860  INFO client.ClientBackEnd:69 - Client - Balance Response send to server!
2016-04-14 16:24:48,190  INFO client.ClientBackEnd:60 - Client - CheckPincode Response send to server!
2016-04-14 16:24:52,770  INFO client.ClientBackEnd:69 - Client - Balance Response send to server!
2016-04-14 16:24:55,684  INFO client.ClientBackEnd:69 - Client - Balance Response send to server!
2016-04-14 16:25:23,180  INFO client.ClientBackEnd:60 - Client - CheckPincode Response send to server!
2016-04-14 16:25:25,171  INFO client.ClientBackEnd:69 - Client - Balance Response send to server!
2016-04-14 16:25:27,024  INFO client.ClientBackEnd:69 - Client - Balance Response send to server!
2016-04-14 16:25:41,411  INFO client.ClientBackEnd:60 - Client - CheckPincode Response send to server!
2016-04-14 16:27:33,204  INFO client.ClientBackEnd:60 - Client - CheckPincode Response send to server!
2016-04-14 16:28:31,280  INFO client.ClientBackEnd:60 - Client - CheckPincode Response send to server!
2016-04-14 16:29:26,944  INFO client.ClientBackEnd:60 - Client - CheckPincode Response send to server!
2016-04-14 16:29:31,162  INFO client.ClientBackEnd:84 - Client - Withdraw Response send to server!
2016-04-14 16:31:31,726  INFO client.ClientBackEnd:60 - Client - CheckPincode Response send to server!
2016-04-14 16:31:34,702  INFO client.ClientBackEnd:84 - Client - Withdraw Response send to server!
2016-04-14 16:32:19,946  INFO client.ClientBackEnd:60 - Client - CheckPincode Response send to server!
2016-04-14 16:32:23,327  INFO client.ClientBackEnd:84 - Client - Withdraw Response send to server!
2016-04-14 16:34:22,218  INFO client.ClientBackEnd:60 - Client - CheckPincode Response send to server!
2016-04-14 16:34:27,527  INFO client.ClientBackEnd:84 - Client - Withdraw Response send to server!
2016-04-14 16:34:59,486  INFO client.ClientBackEnd:60 - Client - CheckPincode Response send to server!
2016-04-14 16:35:04,952  INFO client.ClientBackEnd:84 - Client - Withdraw Response send to server!
2016-04-14 16:35:42,718  INFO client.ClientBackEnd:60 - Client - CheckPincode Response send to server!
2016-04-14 16:36:34,462  INFO client.ClientBackEnd:84 - Client - Withdraw Response send to server!
2016-04-14 16:37:07,625  INFO client.ClientBackEnd:60 - Client - CheckPincode Response send to server!
2016-04-14 16:37:09,361  INFO client.ClientBackEnd:69 - Client - Balance Response send to server!
2016-04-14 16:37:12,004  INFO client.ClientBackEnd:69 - Client - Balance Response send to server!
2016-04-14 16:37:29,870  INFO client.ClientBackEnd:60 - Client - CheckPincode Response send to server!
2016-04-14 16:37:35,747  INFO client.ClientBackEnd:84 - Client - Withdraw Response send to server!
2016-04-14 16:37:52,693  INFO client.ClientBackEnd:60 - Client - CheckPincode Response send to server!
2016-04-14 16:38:03,685  INFO client.ClientBackEnd:84 - Client - Withdraw Response send to server!
2016-04-14 16:45:17,243  INFO client.ClientBackEnd:60 - Client - CheckPincode Response send to server!
2016-04-14 16:45:24,354  INFO client.ClientBackEnd:69 - Client - Balance Response send to server!
2016-04-14 16:45:28,371  INFO client.ClientBackEnd:84 - Client - Withdraw Response send to server!
2016-04-14 16:45:52,046  INFO client.ClientBackEnd:60 - Client - CheckPincode Response send to server!
2016-04-14 16:46:03,150  INFO client.ClientBackEnd:60 - Client - CheckPincode Response send to server!
2016-04-14 16:46:17,636  INFO client.ClientBackEnd:60 - Client - CheckPincode Response send to server!
2016-04-14 16:46:41,968  INFO client.ClientBackEnd:60 - Client - CheckPincode Response send to server!
2016-04-14 16:47:39,392  INFO client.ClientBackEnd:60 - Client - CheckPincode Response send to server!
2016-04-14 16:59:20,180  INFO client.ClientBackEnd:60 - Client - CheckPincode Response send to server!
2016-04-14 16:59:47,434  INFO client.ClientBackEnd:60 - Client - CheckPincode Response send to server!
2016-04-14 16:59:55,531  INFO client.ClientBackEnd:84 - Client - Withdraw Response send to server!
2016-04-14 17:00:10,873  INFO client.ClientBackEnd:60 - Client - CheckPincode Response send to server!
2016-04-14 17:00:12,333  INFO client.ClientBackEnd:69 - Client - Balance Response send to server!
2016-04-14 17:00:27,217  INFO client.ClientBackEnd:60 - Client - CheckPincode Response send to server!
2016-04-14 17:00:31,472  INFO client.ClientBackEnd:84 - Client - Withdraw Response send to server!
2016-04-14 17:03:55,073  INFO client.ClientBackEnd:60 - Client - CheckPincode Response send to server!
2016-04-14 17:04:21,804  INFO client.ClientBackEnd:60 - Client - CheckPincode Response send to server!
2016-04-14 20:12:33,236  INFO client.ClientBackEnd:60 - Client - CheckPincode Response send to server!
2016-04-14 20:12:47,316  INFO client.ClientBackEnd:69 - Client - Balance Response send to server!
2016-04-14 20:13:36,490  INFO client.ClientBackEnd:60 - Client - CheckPincode Response send to server!
2016-04-14 20:13:41,180  INFO client.ClientBackEnd:69 - Client - Balance Response send to server!
2016-04-14 20:13:55,181  INFO client.ClientBackEnd:84 - Client - Withdraw Response send to server!
2016-04-14 20:14:14,791  INFO client.ClientBackEnd:60 - Client - CheckPincode Response send to server!
2016-04-14 20:20:32,168  INFO client.ClientBackEnd:60 - Client - CheckPincode Response send to server!
2016-04-14 20:22:18,793  INFO client.ClientBackEnd:60 - Client - CheckPincode Response send to server!
2016-04-14 20:22:35,721  INFO client.ClientBackEnd:84 - Client - Withdraw Response send to server!
2016-04-14 21:53:54,936  INFO client.ClientBackEnd:60 - Client - CheckPincode Response send to server!
2016-04-14 21:53:59,466  INFO client.ClientBackEnd:69 - Client - Balance Response send to server!
2016-04-14 21:54:27,854  INFO client.ClientBackEnd:84 - Client - Withdraw Response send to server!
2016-05-18 15:18:10,270  INFO client.ClientBackEnd:60 - Client - CheckPincode Response send to server!
2016-05-18 15:18:48,288  INFO client.ClientBackEnd:60 - Client - CheckPincode Response send to server!
2016-05-18 15:26:51,831  INFO client.ClientBackEnd:60 - Client - CheckPincode Response send to server!
2016-05-18 15:27:06,440  INFO client.ClientBackEnd:69 - Client - Balance Response send to server!
2016-05-18 15:29:01,566  INFO client.ClientBackEnd:60 - Client - CheckPincode Response send to server!
2016-05-18 15:29:02,020  INFO client.ClientBackEnd:69 - Client - Balance Response send to server!
2016-05-18 15:32:41,115  INFO client.ClientBackEnd:60 - Client - CheckPincode Response send to server!
2016-05-18 15:32:42,080  INFO client.ClientBackEnd:69 - Client - Balance Response send to server!
2016-05-18 15:39:06,309  INFO client.ClientBackEnd:60 - Client - CheckPincode Response send to server!
2016-05-18 15:39:06,780  INFO client.ClientBackEnd:69 - Client - Balance Response send to server!
2016-05-18 15:39:21,721  INFO client.ClientBackEnd:60 - Client - CheckPincode Response send to server!
2016-05-18 15:39:22,209  INFO client.ClientBackEnd:69 - Client - Balance Response send to server!
2016-05-18 15:43:30,321  INFO client.ClientBackEnd:60 - Client - CheckPincode Response send to server!
2016-05-18 15:43:30,796  INFO client.ClientBackEnd:69 - Client - Balance Response send to server!
2016-05-18 15:51:42,877  INFO client.ClientBackEnd:60 - Client - CheckPincode Response send to server!
2016-05-18 15:51:43,318  INFO client.ClientBackEnd:69 - Client - Balance Response send to server!
2016-05-18 15:55:08,288  INFO client.ClientBackEnd:60 - Client - CheckPincode Response send to server!
2016-05-18 15:55:08,778  INFO client.ClientBackEnd:69 - Client - Balance Response send to server!
2016-05-18 15:57:32,538  INFO client.ClientBackEnd:60 - Client - CheckPincode Response send to server!
2016-05-18 15:57:33,016  INFO client.ClientBackEnd:69 - Client - Balance Response send to server!
2016-05-19 12:43:59,562  INFO client.ClientBackEnd:60 - Client - CheckPincode Response send to server!
2016-05-19 12:44:00,759  INFO client.ClientBackEnd:69 - Client - Balance Response send to server!
2016-05-19 13:14:41,979  INFO client.ClientBackEnd:60 - Client - CheckPincode Response send to server!
2016-05-19 13:14:43,349  INFO client.ClientBackEnd:69 - Client - Balance Response send to server!
2016-05-19 13:14:43,520  INFO client.ClientBackEnd:84 - Client - Withdraw Response send to server!
2016-05-19 13:14:43,520  INFO client.ClientBackEnd:69 - Client - Balance Response send to server!
2016-05-19 13:15:27,998  INFO client.ClientBackEnd:60 - Client - CheckPincode Response send to server!
2016-05-19 13:15:29,147  INFO client.ClientBackEnd:69 - Client - Balance Response send to server!
2016-05-19 13:15:29,400  INFO client.ClientBackEnd:84 - Client - Withdraw Response send to server!
2016-05-19 13:15:29,400  INFO client.ClientBackEnd:69 - Client - Balance Response send to server!
2016-05-19 13:17:24,879  INFO client.ClientBackEnd:60 - Client - CheckPincode Response send to server!
2016-05-19 13:17:25,226  INFO client.ClientBackEnd:69 - Client - Balance Response send to server!
2016-05-19 13:18:16,301  INFO client.ClientBackEnd:60 - Client - CheckPincode Response send to server!
2016-05-19 13:18:16,635  INFO client.ClientBackEnd:69 - Client - Balance Response send to server!
2016-05-19 13:18:35,655  INFO client.ClientBackEnd:60 - Client - CheckPincode Response send to server!
2016-05-19 13:18:35,986  INFO client.ClientBackEnd:69 - Client - Balance Response send to server!
2016-05-19 13:18:56,566  INFO client.ClientBackEnd:60 - Client - CheckPincode Response send to server!
2016-05-19 13:18:56,928  INFO client.ClientBackEnd:69 - Client - Balance Response send to server!
2016-05-19 13:18:57,213  INFO client.ClientBackEnd:84 - Client - Withdraw Response send to server!
2016-05-19 13:19:05,449  INFO client.ClientBackEnd:60 - Client - CheckPincode Response send to server!
2016-05-19 13:19:05,831  INFO client.ClientBackEnd:69 - Client - Balance Response send to server!
2016-05-19 13:19:05,954  INFO client.ClientBackEnd:84 - Client - Withdraw Response send to server!
2016-05-19 13:20:40,240  INFO client.ClientBackEnd:60 - Client - CheckPincode Response send to server!
2016-05-19 13:20:40,594  INFO client.ClientBackEnd:69 - Client - Balance Response send to server!
2016-05-19 13:20:50,413  INFO client.ClientBackEnd:60 - Client - CheckPincode Response send to server!
2016-05-19 13:20:50,767  INFO client.ClientBackEnd:69 - Client - Balance Response send to server!
2016-05-19 13:20:50,898  INFO client.ClientBackEnd:84 - Client - Withdraw Response send to server!
2016-05-19 13:20:55,965  INFO client.ClientBackEnd:60 - Client - CheckPincode Response send to server!
2016-05-19 13:20:56,299  INFO client.ClientBackEnd:69 - Client - Balance Response send to server!
2016-05-19 13:20:56,413  INFO client.ClientBackEnd:84 - Client - Withdraw Response send to server!
2016-05-19 13:57:33,024  INFO client.ClientBackEnd:60 - Client - CheckPincode Response send to server!
2016-05-19 13:57:33,367  INFO client.ClientBackEnd:69 - Client - Balance Response send to server!
2016-05-19 13:57:46,961  INFO client.ClientBackEnd:60 - Client - CheckPincode Response send to server!
2016-05-19 13:57:47,323  INFO client.ClientBackEnd:69 - Client - Balance Response send to server!
2016-05-19 13:57:47,423  INFO client.ClientBackEnd:84 - Client - Withdraw Response send to server!
2016-05-19 13:57:52,500  INFO client.ClientBackEnd:60 - Client - CheckPincode Response send to server!
2016-05-19 13:57:52,848  INFO client.ClientBackEnd:69 - Client - Balance Response send to server!
2016-05-19 13:57:52,964  INFO client.ClientBackEnd:84 - Client - Withdraw Response send to server!
2016-05-19 13:58:56,535  INFO client.ClientBackEnd:60 - Client - CheckPincode Response send to server!
2016-05-19 13:58:56,876  INFO client.ClientBackEnd:69 - Client - Balance Response send to server!
2016-05-19 13:58:56,992  INFO client.ClientBackEnd:84 - Client - Withdraw Response send to server!
2016-05-19 13:59:03,886  INFO client.ClientBackEnd:60 - Client - CheckPincode Response send to server!
2016-05-19 13:59:04,225  INFO client.ClientBackEnd:69 - Client - Balance Response send to server!
2016-05-19 13:59:04,325  INFO client.ClientBackEnd:84 - Client - Withdraw Response send to server!
2016-05-24 13:52:22,352  INFO client.ClientBackEnd:66 - Client - CheckPincode Response send to server!
2016-05-24 13:52:34,716  INFO client.ClientBackEnd:66 - Client - CheckPincode Response send to server!
2016-05-24 13:52:46,835  INFO client.ClientBackEnd:66 - Client - CheckPincode Response send to server!
2016-05-24 13:52:54,082  INFO client.ClientBackEnd:90 - Client - Withdraw Response send to server!
2016-05-24 13:53:06,645  INFO client.ClientBackEnd:66 - Client - CheckPincode Response send to server!
2016-05-24 13:53:10,609  INFO client.ClientBackEnd:75 - Client - Balance Response send to server!
2016-05-24 13:53:28,071  INFO client.ClientBackEnd:90 - Client - Withdraw Response send to server!
2016-05-24 13:53:30,388  INFO client.ClientBackEnd:75 - Client - Balance Response send to server!
2016-05-24 13:53:30,403  INFO client.ClientBackEnd:90 - Client - Withdraw Response send to server!
2016-05-24 14:01:06,604  INFO client.ClientBackEnd:66 - Client - CheckPincode Response send to server!
2016-05-24 14:01:06,943  INFO client.ClientBackEnd:75 - Client - Balance Response send to server!
2016-05-24 14:01:33,644  INFO client.ClientBackEnd:66 - Client - CheckPincode Response send to server!
2016-05-24 14:01:34,052  INFO client.ClientBackEnd:75 - Client - Balance Response send to server!
2016-05-24 14:01:34,118  INFO client.ClientBackEnd:90 - Client - Withdraw Response send to server!
2016-05-24 14:01:45,816  INFO client.ClientBackEnd:66 - Client - CheckPincode Response send to server!
2016-05-24 14:01:46,154  INFO client.ClientBackEnd:75 - Client - Balance Response send to server!
2016-05-24 14:01:46,220  INFO client.ClientBackEnd:90 - Client - Withdraw Response send to server!
2016-05-24 14:02:22,539  INFO client.ClientBackEnd:66 - Client - CheckPincode Response send to server!
2016-05-24 14:02:22,890  INFO client.ClientBackEnd:75 - Client - Balance Response send to server!
2016-05-24 14:02:22,988  INFO client.ClientBackEnd:90 - Client - Withdraw Response send to server!
2016-05-24 14:02:38,311  INFO client.ClientBackEnd:66 - Client - CheckPincode Response send to server!
2016-05-24 14:02:38,660  INFO client.ClientBackEnd:75 - Client - Balance Response send to server!
2016-05-24 14:02:38,734  INFO client.ClientBackEnd:90 - Client - Withdraw Response send to server!
2016-05-24 14:03:13,590  INFO client.ClientBackEnd:66 - Client - CheckPincode Response send to server!
2016-05-24 14:04:06,081  INFO client.ClientBackEnd:90 - Client - Withdraw Response send to server!
2016-05-24 14:04:29,877  INFO client.ClientBackEnd:75 - Client - Balance Response send to server!
2016-05-24 14:04:29,895  INFO client.ClientBackEnd:90 - Client - Withdraw Response send to server!
2016-05-31 11:38:31,610  INFO client.ClientBackEnd:66 - Client - CheckPincode Response send to server!
2016-05-31 11:39:41,890  INFO client.ClientBackEnd:66 - Client - CheckPincode Response send to server!
2016-05-31 11:52:18,723  INFO client.ClientBackEnd:66 - Client - CheckPincode Response send to server!
2016-05-31 11:52:20,748  INFO client.ClientBackEnd:75 - Client - Balance Response send to server!
2016-05-31 11:53:42,896  INFO client.ClientBackEnd:66 - Client - CheckPincode Response send to server!
2016-05-31 11:53:43,319  INFO client.ClientBackEnd:75 - Client - Balance Response send to server!
2016-05-31 11:56:24,934  INFO client.ClientBackEnd:64 - Client - CheckPincode Response send to server!
2016-05-31 11:56:25,367  INFO client.ClientBackEnd:73 - Client - Balance Response send to server!
2016-05-31 11:59:02,450  INFO client.ClientBackEnd:64 - Client - CheckPincode Response send to server!
2016-05-31 11:59:02,899  INFO client.ClientBackEnd:73 - Client - Balance Response send to server!
2016-05-31 11:59:18,634  INFO client.ClientBackEnd:64 - Client - CheckPincode Response send to server!
2016-05-31 11:59:19,054  INFO client.ClientBackEnd:73 - Client - Balance Response send to server!
2016-05-31 11:59:19,105  INFO client.ClientBackEnd:82 - Client - Withdraw Request send to server!
2016-05-31 11:59:19,306  INFO client.ClientBackEnd:88 - Client - Withdraw response received from server!
2016-05-31 11:59:24,482  INFO client.ClientBackEnd:64 - Client - CheckPincode Response send to server!
2016-05-31 11:59:24,899  INFO client.ClientBackEnd:73 - Client - Balance Response send to server!
2016-05-31 11:59:24,925  INFO client.ClientBackEnd:82 - Client - Withdraw Request send to server!
2016-05-31 11:59:25,025  INFO client.ClientBackEnd:88 - Client - Withdraw response received from server!
2016-05-31 12:01:25,290  INFO client.ClientBackEnd:64 - Client - CheckPincode Response send to server!
2016-05-31 12:01:35,066  INFO client.ClientBackEnd:64 - Client - CheckPincode Response send to server!
2016-05-31 12:01:51,408  INFO client.ClientBackEnd:64 - Client - CheckPincode Response send to server!
2016-05-31 12:04:33,824  INFO client.ClientBackEnd:64 - Client - CheckPincode Response send to server!
2016-05-31 12:05:36,553  INFO client.ClientBackEnd:82 - Client - Withdraw Request send to server!
2016-05-31 12:05:36,652  INFO client.ClientBackEnd:88 - Client - Withdraw response received from server!
2016-05-31 12:06:06,230  INFO client.ClientBackEnd:73 - Client - Balance Response send to server!
2016-05-31 12:06:06,262  INFO client.ClientBackEnd:82 - Client - Withdraw Request send to server!
2016-05-31 12:06:06,277  INFO client.ClientBackEnd:88 - Client - Withdraw response received from server!
2016-05-31 12:08:23,278  INFO client.ClientBackEnd:64 - Client - CheckPincode Response send to server!
2016-05-31 12:08:25,365  INFO client.ClientBackEnd:73 - Client - Balance Response send to server!
2016-05-31 12:08:41,312  INFO client.ClientBackEnd:82 - Client - Withdraw Request send to server!
2016-05-31 12:08:41,396  INFO client.ClientBackEnd:88 - Client - Withdraw response received from server!
2016-05-31 12:08:44,300  INFO client.ClientBackEnd:73 - Client - Balance Response send to server!
2016-05-31 12:11:36,863  INFO client.ClientBackEnd:64 - Client - CheckPincode Response send to server!
2016-05-31 12:11:38,548  INFO client.ClientBackEnd:73 - Client - Balance Response send to server!
2016-05-31 13:31:24,927  INFO client.ClientBackEnd:64 - Client - CheckPincode Response send to server!
2016-05-31 13:32:06,493  INFO client.ClientBackEnd:82 - Client - Withdraw Request send to server!
2016-05-31 13:32:06,573  INFO client.ClientBackEnd:88 - Client - Withdraw response received from server!
2016-05-31 13:32:10,194  INFO client.ClientBackEnd:73 - Client - Balance Response send to server!
2016-05-31 13:32:10,214  INFO client.ClientBackEnd:82 - Client - Withdraw Request send to server!
2016-05-31 13:32:10,223  INFO client.ClientBackEnd:88 - Client - Withdraw response received from server!
2016-06-02 19:48:54,735  INFO client.ClientBackEnd:65 - Client - CheckPincode Response send to server!
2016-06-02 19:50:17,426  INFO client.ClientBackEnd:65 - Client - CheckPincode Response send to server!
2016-06-02 19:50:18,199  INFO client.ClientBackEnd:74 - Client - Balance Response send to server!
2016-06-02 19:50:18,271  INFO client.ClientBackEnd:83 - Client - Withdraw Request send to server!
2016-06-02 19:50:18,327  INFO client.ClientBackEnd:89 - Client - Withdraw response received from server!
2016-06-02 19:57:29,117  INFO client.ClientBackEnd:40 - Client - CheckPincode Response send to server!
2016-06-02 19:58:43,909  INFO client.ClientBackEnd:40 - Client - CheckPincode Response send to server!
2016-06-02 19:58:44,426  INFO client.ClientBackEnd:49 - Client - CheckPincode Response send to server!
2016-06-02 19:58:44,480  INFO client.ClientBackEnd:58 - Client - Balance Response send to server!
2016-06-02 19:58:44,522  INFO client.ClientBackEnd:67 - Client - Withdraw Request send to server!
2016-06-02 19:58:44,569  INFO client.ClientBackEnd:73 - Client - Withdraw response received from server!
2016-06-02 19:58:56,053  INFO client.ClientBackEnd:40 - Client - CheckPincode Response send to server!
2016-06-02 19:58:56,556  INFO client.ClientBackEnd:49 - Client - CheckPincode Response send to server!
2016-06-02 19:58:56,608  INFO client.ClientBackEnd:58 - Client - Balance Response send to server!
2016-06-02 19:58:56,648  INFO client.ClientBackEnd:67 - Client - Withdraw Request send to server!
2016-06-02 19:58:56,698  INFO client.ClientBackEnd:73 - Client - Withdraw response received from server!
2016-06-02 20:03:36,603  INFO client.ClientBackEnd:40 - Client - CheckPincode Response send to server!
2016-06-02 20:03:37,121  INFO client.ClientBackEnd:49 - Client - CheckPincode Response send to server!
2016-06-02 20:03:37,167  INFO client.ClientBackEnd:58 - Client - Balance Response send to server!
2016-06-02 20:03:37,212  INFO client.ClientBackEnd:67 - Client - Withdraw Request send to server!
2016-06-02 20:03:37,257  INFO client.ClientBackEnd:73 - Client - Withdraw response received from server!
2016-06-02 20:43:05,809  INFO client.ClientBackEnd:40 - Client - CheckPincode Response send to server!
2016-06-02 20:43:06,634  INFO client.ClientBackEnd:49 - Client - CheckPincode Response send to server!
2016-06-02 20:43:06,726  INFO client.ClientBackEnd:58 - Client - Balance Response send to server!
2016-06-02 20:43:06,784  INFO client.ClientBackEnd:67 - Client - Withdraw Request send to server!
2016-06-02 20:44:10,292  INFO client.ClientBackEnd:40 - Client - CheckPincode Response send to server!
2016-06-02 20:44:10,807  INFO client.ClientBackEnd:49 - Client - CheckPincode Response send to server!
2016-06-02 20:44:10,857  INFO client.ClientBackEnd:58 - Client - Balance Response send to server!
2016-06-02 20:44:10,899  INFO client.ClientBackEnd:67 - Client - Withdraw Request send to server!
2016-06-02 20:46:14,890  INFO client.ClientBackEnd:40 - Client - CheckPincode Response send to server!
2016-06-02 20:46:15,422  INFO client.ClientBackEnd:49 - Client - CheckPincode Response send to server!
2016-06-02 20:46:15,496  INFO client.ClientBackEnd:58 - Client - Balance Response send to server!
2016-06-02 20:46:15,545  INFO client.ClientBackEnd:67 - Client - Withdraw Request send to server!
2016-06-02 20:47:12,645  INFO client.ClientBackEnd:40 - Client - CheckPincode Response send to server!
2016-06-02 20:47:13,157  INFO client.ClientBackEnd:49 - Client - CheckPincode Response send to server!
2016-06-02 20:47:13,206  INFO client.ClientBackEnd:58 - Client - Balance Response send to server!
2016-06-02 20:47:13,265  INFO client.ClientBackEnd:67 - Client - Withdraw Request send to server!
2016-06-02 20:47:28,296  INFO client.ClientBackEnd:40 - Client - CheckPincode Response send to server!
2016-06-02 20:47:28,814  INFO client.ClientBackEnd:49 - Client - CheckPincode Response send to server!
2016-06-02 20:47:28,864  INFO client.ClientBackEnd:58 - Client - Balance Response send to server!
2016-06-02 20:47:28,912  INFO client.ClientBackEnd:67 - Client - Withdraw Request send to server!
2016-06-02 20:50:02,416  INFO client.ClientBackEnd:40 - Client - CheckPincode Response send to server!
2016-06-02 20:50:02,930  INFO client.ClientBackEnd:49 - Client - CheckPincode Response send to server!
2016-06-02 20:50:02,978  INFO client.ClientBackEnd:58 - Client - Balance Response send to server!
2016-06-02 20:50:03,022  INFO client.ClientBackEnd:67 - Client - Withdraw Request send to server!
2016-06-02 20:50:03,092  INFO client.ClientBackEnd:73 - Client - Withdraw response received from server!
2016-06-02 20:50:10,106  INFO client.ClientBackEnd:40 - Client - CheckPincode Response send to server!
2016-06-02 20:50:10,616  INFO client.ClientBackEnd:49 - Client - CheckPincode Response send to server!
2016-06-02 20:50:10,660  INFO client.ClientBackEnd:58 - Client - Balance Response send to server!
2016-06-02 20:50:10,701  INFO client.ClientBackEnd:67 - Client - Withdraw Request send to server!
2016-06-02 20:50:10,748  INFO client.ClientBackEnd:73 - Client - Withdraw response received from server!
2016-06-02 20:50:33,612  INFO client.ClientBackEnd:40 - Client - CheckPincode Response send to server!
2016-06-02 20:50:34,124  INFO client.ClientBackEnd:49 - Client - CheckPincode Response send to server!
2016-06-02 20:50:34,176  INFO client.ClientBackEnd:58 - Client - Balance Response send to server!
2016-06-02 20:50:34,220  INFO client.ClientBackEnd:67 - Client - Withdraw Request send to server!
2016-06-02 20:50:34,281  INFO client.ClientBackEnd:73 - Client - Withdraw response received from server!
2016-06-02 22:34:48,157  INFO client.ClientBackEnd:40 - Client - CheckPincode Response send to server!
2016-06-02 22:34:50,100  INFO client.ClientBackEnd:49 - Client - CheckPincode Response send to server!
2016-06-02 22:34:50,277  INFO client.ClientBackEnd:58 - Client - Balance Response send to server!
2016-06-02 22:34:50,360  INFO client.ClientBackEnd:67 - Client - Withdraw Request send to server!
2016-06-02 22:34:50,416  INFO client.ClientBackEnd:74 - Client - Withdraw response received from server!
2016-06-02 22:36:26,506  INFO client.ClientBackEnd:40 - Client - CheckPincode Response send to server!
2016-06-02 22:36:27,044  INFO client.ClientBackEnd:49 - Client - CheckPincode Response send to server!
2016-06-02 22:36:27,230  INFO client.ClientBackEnd:58 - Client - Balance Response send to server!
2016-06-02 22:36:27,276  INFO client.ClientBackEnd:67 - Client - Withdraw Request send to server!
2016-06-02 22:36:27,315  INFO client.ClientBackEnd:74 - Client - Withdraw response received from server!
2016-06-02 22:36:43,424  INFO client.ClientBackEnd:40 - Client - CheckPincode Response send to server!
2016-06-02 22:36:43,967  INFO client.ClientBackEnd:49 - Client - CheckPincode Response send to server!
2016-06-02 22:36:44,101  INFO client.ClientBackEnd:58 - Client - Balance Response send to server!
2016-06-02 22:36:44,144  INFO client.ClientBackEnd:67 - Client - Withdraw Request send to server!
2016-06-02 22:36:44,186  INFO client.ClientBackEnd:74 - Client - Withdraw response received from server!
2016-06-02 22:38:31,930  INFO client.ClientBackEnd:40 - Client - CheckPincode Response send to server!
2016-06-02 22:43:49,916  INFO client.ClientBackEnd:40 - Client - CheckPincode Response send to server!
2016-06-02 22:43:50,470  INFO client.ClientBackEnd:49 - Client - CheckPincode Response send to server!
2016-06-02 22:43:50,579  INFO client.ClientBackEnd:58 - Client - Balance Response send to server!
2016-06-02 22:43:50,635  INFO client.ClientBackEnd:67 - Client - Withdraw Request send to server!
2016-06-02 22:43:50,686  INFO client.ClientBackEnd:74 - Client - Withdraw response received from server!
2016-06-02 22:54:24,939  INFO client.ClientBackEnd:41 - Client - CheckPincode Response send to server!
2016-06-02 22:54:26,205  INFO client.ClientBackEnd:50 - Client - CheckPincode Response send to server!
2016-06-02 22:54:26,316  INFO client.ClientBackEnd:59 - Client - Balance Response send to server!
2016-06-02 22:54:26,359  INFO client.ClientBackEnd:68 - Client - Withdraw Request send to server!
2016-06-02 22:54:26,372  INFO client.ClientBackEnd:75 - Client - Withdraw response received from server!
2016-06-02 22:57:37,192  INFO client.ClientBackEnd:41 - Client - CheckPincode Response send to server!
2016-06-02 22:57:37,640  INFO client.ClientBackEnd:50 - Client - CheckPincode Response send to server!
2016-06-02 22:58:28,265  INFO client.ClientBackEnd:41 - Client - CheckPincode Response send to server!
2016-06-02 22:58:29,492  INFO client.ClientBackEnd:50 - Client - CheckPincode Response send to server!
2016-06-02 23:01:37,467  INFO client.ClientBackEnd:41 - Client - CheckPincode Response send to server!
2016-06-02 23:01:38,707  INFO client.ClientBackEnd:50 - Client - CheckPincode Response send to server!
2016-06-02 23:03:20,437  INFO client.ClientBackEnd:41 - Client - CheckPincode Response send to server!
2016-06-02 23:03:20,882  INFO client.ClientBackEnd:50 - Client - CheckPincode Response send to server!
2016-06-02 23:03:20,968  INFO client.ClientBackEnd:59 - Client - Balance Response send to server!
2016-06-02 23:03:21,004  INFO client.ClientBackEnd:68 - Client - Withdraw Request send to server!
2016-06-02 23:03:21,145  INFO client.ClientBackEnd:75 - Client - Withdraw response received from server!
2016-06-02 23:12:29,004  INFO client.ClientBackEnd:41 - Client - CheckPincode Response send to server!
2016-06-02 23:12:30,258  INFO client.ClientBackEnd:50 - Client - CheckPincode Response send to server!
2016-06-02 23:12:30,375  INFO client.ClientBackEnd:59 - Client - Balance Response send to server!
2016-06-02 23:12:30,417  INFO client.ClientBackEnd:68 - Client - Withdraw Request send to server!
2016-06-02 23:12:30,542  INFO client.ClientBackEnd:75 - Client - Withdraw response received from server!
